  [1m[36mActiveRecord::SchemaMigration Load (0.3ms)[0m  [1mSELECT "schema_migrations".* FROM "schema_migrations"[0m
  [1m[35mActiveRecord::SchemaMigration Load (0.3ms)[0m  SELECT "schema_migrations".* FROM "schema_migrations"
  [1m[36m (2.5ms)[0m  [1m            SELECT sql
            FROM sqlite_master
            WHERE name='index_line_items_on_merchandise_id' AND type='index'
            UNION ALL
            SELECT sql
            FROM sqlite_temp_master
            WHERE name='index_line_items_on_merchandise_id' AND type='index'
[0m
  [1m[35m (0.2ms)[0m              SELECT sql
            FROM sqlite_master
            WHERE name='index_line_items_on_cart_id' AND type='index'
            UNION ALL
            SELECT sql
            FROM sqlite_temp_master
            WHERE name='index_line_items_on_cart_id' AND type='index'

  [1m[36m (0.2ms)[0m  [1m            SELECT sql
            FROM sqlite_master
            WHERE name='index_line_items_on_order_id' AND type='index'
            UNION ALL
            SELECT sql
            FROM sqlite_temp_master
            WHERE name='index_line_items_on_order_id' AND type='index'
[0m
  [1m[35m (0.2ms)[0m              SELECT sql
            FROM sqlite_master
            WHERE name='index_users_on_authentication_token' AND type='index'
            UNION ALL
            SELECT sql
            FROM sqlite_temp_master
            WHERE name='index_users_on_authentication_token' AND type='index'

  [1m[36m (0.1ms)[0m  [1m            SELECT sql
            FROM sqlite_master
            WHERE name='index_users_on_username' AND type='index'
            UNION ALL
            SELECT sql
            FROM sqlite_temp_master
            WHERE name='index_users_on_username' AND type='index'
[0m
  [1m[35m (0.1ms)[0m              SELECT sql
            FROM sqlite_master
            WHERE name='index_users_on_reset_password_token' AND type='index'
            UNION ALL
            SELECT sql
            FROM sqlite_temp_master
            WHERE name='index_users_on_reset_password_token' AND type='index'

  [1m[36m (0.1ms)[0m  [1m            SELECT sql
            FROM sqlite_master
            WHERE name='index_users_on_email' AND type='index'
            UNION ALL
            SELECT sql
            FROM sqlite_temp_master
            WHERE name='index_users_on_email' AND type='index'
[0m


Started GET "/" for ::1 at 2016-07-08 22:07:11 +0800
  [1m[36mActiveRecord::SchemaMigration Load (0.3ms)[0m  [1mSELECT "schema_migrations".* FROM "schema_migrations"[0m
Processing by WelcomeController#index as HTML
  [1m[35mCart Load (0.3ms)[0m  SELECT  "carts".* FROM "carts" WHERE "carts"."id" = ? LIMIT 1  [["id", nil]]
  [1m[36m (0.1ms)[0m  [1mbegin transaction[0m
  [1m[35mSQL (0.5ms)[0m  INSERT INTO "carts" ("created_at", "updated_at") VALUES (?, ?)  [["created_at", "2016-07-08 14:07:11.357904"], ["updated_at", "2016-07-08 14:07:11.357904"]]
  [1m[36m (2.5ms)[0m  [1mcommit transaction[0m
  Rendered welcome/index.html.erb within layouts/application (841.6ms)
  Rendered layouts/_menu.html.erb (6.0ms)
  Rendered layouts/_header.html.erb (11.2ms)
  Rendered layouts/_menu.html.erb (0.4ms)
  Rendered layouts/_nav.html.erb (2.2ms)
  Rendered layouts/_categoryarea.html.erb (0.5ms)
  Rendered layouts/_messages.html.erb (0.7ms)
  Rendered layouts/_footer.html.erb (0.5ms)
  Rendered layouts/_gotopbtn.html.erb (0.3ms)
Completed 200 OK in 1139ms (Views: 1082.7ms | ActiveRecord: 3.6ms)


Started GET "/assets/common/font-awesome.min.self-5391e7e97438dab52be4903558476abc77fb96d82e3a6b52673286b5454b9844.css?body=1" for ::1 at 2016-07-08 22:07:12 +0800


Started GET "/assets/common/normalize.self-45276a4294af35271a38d1c1e17e370c8058f2855ded5ab62cf586b86abdda33.css?body=1" for ::1 at 2016-07-08 22:07:12 +0800


Started GET "/assets/common/common.self-728f231e90d72736615c16049933d73d5b50cc7d2f869a37d620c308d999b825.css?body=1" for ::1 at 2016-07-08 22:07:12 +0800


Started GET "/assets/common/isotope.self-1d0cf401186f6fdd6a54bcad7cc554d8c8945f082baa17ea37a4871a5f2551e4.css?body=1" for ::1 at 2016-07-08 22:07:13 +0800


Started GET "/assets/common/hamburgers.self-df5bc1e2153b2503cb03f5881b8708e3fd329ea330d9adcf252a041d7a9469f1.css?body=1" for ::1 at 2016-07-08 22:07:13 +0800


Started GET "/assets/index.self-d8a8c0fbc243bc3f6490d49ef4ee844cb1653783228825b50b828bd3dd56de2b.css?body=1" for ::1 at 2016-07-08 22:07:13 +0800


Started GET "/assets/merchandise.self-f746de094300481863c42acd23de8a828e600a5f25724633b8a41081f23b2a43.css?body=1" for ::1 at 2016-07-08 22:07:13 +0800


Started GET "/assets/application.self-373a8c46449c8945d5f568717121199071937453b95a71fc07004e7d01dc1f4e.css?body=1" for ::1 at 2016-07-08 22:07:13 +0800


Started GET "/assets/jquery.self-660adc51e0224b731d29f575a6f1ec167ba08ad06ed5deca4f1e8654c135bf4c.js?body=1" for ::1 at 2016-07-08 22:07:13 +0800


Started GET "/assets/bootstrap/affix.self-3555752f8a930795ee9e56751a52e6871104ae85d01b3ab8363da3802a5ecc78.js?body=1" for ::1 at 2016-07-08 22:07:13 +0800


Started GET "/assets/bootstrap/alert.self-d8b7bd612b3dcfdefb7b5539b9d5848d66ccbd3e7af8bb8d48bfb3288aaa7be8.js?body=1" for ::1 at 2016-07-08 22:07:13 +0800


Started GET "/assets/bootstrap/button.self-e74d33ba39500940a78d6fa4d2d64f6ca7fd86d60a2149641f7fde7ba711d8a1.js?body=1" for ::1 at 2016-07-08 22:07:13 +0800


Started GET "/assets/jquery_ujs.self-e87806d0cf4489aeb1bb7288016024e8de67fd18db693fe026fe3907581e53cd.js?body=1" for ::1 at 2016-07-08 22:07:13 +0800


Started GET "/assets/bootstrap/collapse.self-056c40532d9f0f126ec17e839f60c942f573fbd61a086e7f156306e3fc5e8c1f.js?body=1" for ::1 at 2016-07-08 22:07:13 +0800


Started GET "/assets/bootstrap/dropdown.self-e56c2ffee4618411d43ecf15c89273f6223847ad756e1cd17545d04afa732ed4.js?body=1" for ::1 at 2016-07-08 22:07:13 +0800


Started GET "/assets/bootstrap/carousel.self-35d204878d906298e55bc24553e11fd89b980fc4ffe5792fe36af8c0da289c54.js?body=1" for ::1 at 2016-07-08 22:07:13 +0800


Started GET "/assets/bootstrap/modal.self-62463080dba6b9d024ff0a3192da0e76eacbc683194f3395047c6f5cfa0acb59.js?body=1" for ::1 at 2016-07-08 22:07:13 +0800


Started GET "/assets/bootstrap/scrollspy.self-52afd90e8ba97d9f08617a13986e8869d6c4a45751c0bff59a6f91241e722aca.js?body=1" for ::1 at 2016-07-08 22:07:13 +0800


Started GET "/assets/bootstrap/tab.self-dad0d5c377f9fae26394484535ebb23ccf68afae084f896af6ea4cdf8c9f6ae0.js?body=1" for ::1 at 2016-07-08 22:07:13 +0800


Started GET "/assets/bootstrap/transition.self-3b268d4cd8c79e46ded7392885f72f64ffb5b0d49948a12b8cf9779f6163e13a.js?body=1" for ::1 at 2016-07-08 22:07:13 +0800


Started GET "/assets/bootstrap/tooltip.self-facdc69246a072acb927ded77ff655f7c27a518b9357fddd45d119fbc8a0ab9f.js?body=1" for ::1 at 2016-07-08 22:07:13 +0800


Started GET "/assets/bootstrap/popover.self-210cff1fb4b72b71a29b5122180cb5937c8145cd13a934dc838280f1d9607a3e.js?body=1" for ::1 at 2016-07-08 22:07:13 +0800


Started GET "/assets/bootstrap-sprockets.self-fbfa5ad7d9aa0afe439ec4ff3883acc4cb92b62cb67c40d674320c9aa1d4642d.js?body=1" for ::1 at 2016-07-08 22:07:13 +0800


Started GET "/assets/common/jquery.easing.self-c85028b4485f3b7e91508aa9891cfeb41a8884efd87672715de3fa1ae2173948.js?body=1" for ::1 at 2016-07-08 22:07:13 +0800


Started GET "/assets/common/jquery.isotope.self-9faccc188fab2b04afc350768225d3aa567421fc23b9f01082bf98eb1352ff99.js?body=1" for ::1 at 2016-07-08 22:07:13 +0800


Started GET "/assets/common/fastclick.self-1aa08cb3c7aa70d268d24d59c374c14af7bd08e0af8c85f8e4f60a2651f4bab5.js?body=1" for ::1 at 2016-07-08 22:07:13 +0800


Started GET "/assets/common/fun.self-7ea65007dbb970d5d38fa5911014c833cdaa676245ff90a2732237c85df6b983.js?body=1" for ::1 at 2016-07-08 22:07:13 +0800


Started GET "/assets/common/common.self-b5a9d8bb01d41cb35ef64be8090026c9238437f63b487196bb042dc24ba48a87.js?body=1" for ::1 at 2016-07-08 22:07:13 +0800


Started GET "/assets/index.self-c91f334f92fd6a8bd198c0dfe37b546cd0a6cbbde401b3dd66dfb843b3ea6be6.js?body=1" for ::1 at 2016-07-08 22:07:13 +0800


Started GET "/assets/merchandise.self-8d57e53a90316fbad41cf92ad68abbf1e4be5c8a505750975d369c6996028005.js?body=1" for ::1 at 2016-07-08 22:07:13 +0800


Started GET "/assets/application.self-16c207b3ca1b52afcfc7f4b662487caf1bbe084a6656bb15f693ab9de2d11be7.js?body=1" for ::1 at 2016-07-08 22:07:13 +0800


Started GET "/assets/logo-d2ac2c7911fb76b0054edcb17b3d23eb9f2595188ae477bf529506e2b8a9f412.png" for ::1 at 2016-07-08 22:07:13 +0800


Started GET "/assets/banner2-fd04858fa7961fdda0791462300167d1855c6b02a7c6fd7af04a9555df20ad72.jpg" for ::1 at 2016-07-08 22:07:13 +0800


Started GET "/assets/banner1-f0bf139c366bfc4ef9b3e3fada20e0700afc02055a2f0de5900275952d005689.png" for ::1 at 2016-07-08 22:07:13 +0800


Started GET "/assets/slider/slider3-7be179967c9a452a8139961f4ccd49f60d8d665522bf21ac2e65e9de149c90e1.jpg" for ::1 at 2016-07-08 22:07:13 +0800


Started GET "/assets/slider/slider2-df5b61066c9cd51363f9d8528c38e1bfb47c1d10d9a1a015ba215c0ffc13d33a.jpg" for ::1 at 2016-07-08 22:07:13 +0800


Started GET "/assets/slider/slider1-db0b54b0a2591279c96d04af4f02f622765b49c07ff758fd4c3f0e83f2f68a31.jpg" for ::1 at 2016-07-08 22:07:13 +0800


Started GET "/assets/fonts/fontawesome-webfont.woff2?v=4.6.3" for ::1 at 2016-07-08 22:07:13 +0800


Started GET "/about" for ::1 at 2016-07-08 22:23:42 +0800
Processing by WelcomeController#about as HTML
  [1m[35mCart Load (0.9ms)[0m  SELECT  "carts".* FROM "carts" WHERE "carts"."id" = ? LIMIT 1  [["id", 12]]
  Rendered welcome/about.html.erb within layouts/application (3.7ms)
  Rendered layouts/_menu.html.erb (6.1ms)
  Rendered layouts/_header.html.erb (19.7ms)
  Rendered layouts/_menu.html.erb (0.8ms)
  Rendered layouts/_nav.html.erb (2.3ms)
  Rendered layouts/_categoryarea.html.erb (0.1ms)
  Rendered layouts/_messages.html.erb (0.7ms)
  Rendered layouts/_footer.html.erb (0.1ms)
  Rendered layouts/_gotopbtn.html.erb (0.1ms)
Completed 200 OK in 331ms (Views: 312.5ms | ActiveRecord: 0.9ms)


Started GET "/assets/fonts/fontawesome-webfont.woff2?v=4.6.3" for ::1 at 2016-07-08 22:23:43 +0800


Started GET "/merchandises" for ::1 at 2016-07-08 22:23:46 +0800
Processing by MerchandisesController#index as HTML
  [1m[36mCart Load (0.1ms)[0m  [1mSELECT  "carts".* FROM "carts" WHERE "carts"."id" = ? LIMIT 1[0m  [["id", 12]]
  [1m[35mMerchandise Load (0.9ms)[0m  SELECT "merchandises".* FROM "merchandises"
  Rendered merchandises/_merchandise.html.erb (82.1ms)
  Rendered merchandises/index.html.erb within layouts/application (90.1ms)
  Rendered layouts/_menu.html.erb (0.8ms)
  Rendered layouts/_header.html.erb (3.1ms)
  Rendered layouts/_menu.html.erb (0.4ms)
  Rendered layouts/_nav.html.erb (1.5ms)
  Rendered layouts/_categoryarea.html.erb (0.0ms)
  Rendered layouts/_messages.html.erb (0.1ms)
  Rendered layouts/_footer.html.erb (0.1ms)
  Rendered layouts/_gotopbtn.html.erb (0.1ms)
Completed 200 OK in 232ms (Views: 196.1ms | ActiveRecord: 1.8ms)


Started GET "/assets/fonts/fontawesome-webfont.woff2?v=4.6.3" for ::1 at 2016-07-08 22:23:46 +0800


Started GET "/merchandises/2" for ::1 at 2016-07-08 22:23:49 +0800
Processing by MerchandisesController#show as HTML
  Parameters: {"id"=>"2"}
  [1m[36mCart Load (0.1ms)[0m  [1mSELECT  "carts".* FROM "carts" WHERE "carts"."id" = ? LIMIT 1[0m  [["id", 12]]
  [1m[35mMerchandise Load (0.2ms)[0m  SELECT  "merchandises".* FROM "merchandises" WHERE "merchandises"."id" = ? LIMIT 1  [["id", 2]]
  [1m[36mLocation Load (1.2ms)[0m  [1mSELECT  "locations".* FROM "locations" WHERE "locations"."id" = ? LIMIT 1[0m  [["id", 1]]
  [1m[35mCity Load (0.8ms)[0m  SELECT  "cities".* FROM "cities" WHERE "cities"."id" = ? LIMIT 1  [["id", 56]]
  Rendered merchandises/show.html.erb within layouts/application (115.5ms)
Completed 500 Internal Server Error in 126ms (ActiveRecord: 2.9ms)

ActionView::Template::Error (undefined method `name' for nil:NilClass):
    15:   <br />
    16:   <p>Price: <%= @merchandise.price %></p>
    17:   <% if @merchandise.location %>
    18:   <p>Location: <%= @merchandise.location.city.name %></p>
    19:   <% end %>
    20:   <% if @merchandise.category %>
    21:     <p>Category: <%= render @merchandise.category %></p>
  app/views/merchandises/show.html.erb:18:in `_app_views_merchandises_show_html_erb___4221172581574491467_70192422825320'


  Rendered /usr/local/lib/ruby/gems/2.2.0/gems/actionpack-4.2.5/lib/action_dispatch/middleware/templates/rescues/_source.erb (14.7ms)
  Rendered /usr/local/lib/ruby/gems/2.2.0/gems/actionpack-4.2.5/lib/action_dispatch/middleware/templates/rescues/_trace.html.erb (3.6ms)
  Rendered /usr/local/lib/ruby/gems/2.2.0/gems/actionpack-4.2.5/lib/action_dispatch/middleware/templates/rescues/_request_and_response.html.erb (1.9ms)
  Rendered /usr/local/lib/ruby/gems/2.2.0/gems/actionpack-4.2.5/lib/action_dispatch/middleware/templates/rescues/template_error.html.erb within rescues/layout (90.5ms)
  Rendered /usr/local/lib/ruby/gems/2.2.0/gems/web-console-2.3.0/lib/web_console/templates/_markup.html.erb (0.8ms)
  Rendered /usr/local/lib/ruby/gems/2.2.0/gems/web-console-2.3.0/lib/web_console/templates/_inner_console_markup.html.erb within layouts/inlined_string (0.7ms)
  Rendered /usr/local/lib/ruby/gems/2.2.0/gems/web-console-2.3.0/lib/web_console/templates/_prompt_box_markup.html.erb within layouts/inlined_string (0.4ms)
  Rendered /usr/local/lib/ruby/gems/2.2.0/gems/web-console-2.3.0/lib/web_console/templates/style.css.erb within layouts/inlined_string (0.4ms)
  Rendered /usr/local/lib/ruby/gems/2.2.0/gems/web-console-2.3.0/lib/web_console/templates/console.js.erb within layouts/javascript (145.3ms)
  Rendered /usr/local/lib/ruby/gems/2.2.0/gems/web-console-2.3.0/lib/web_console/templates/main.js.erb within layouts/javascript (0.4ms)
  Rendered /usr/local/lib/ruby/gems/2.2.0/gems/web-console-2.3.0/lib/web_console/templates/error_page.js.erb within layouts/javascript (0.8ms)
  Rendered /usr/local/lib/ruby/gems/2.2.0/gems/web-console-2.3.0/lib/web_console/templates/index.html.erb (241.0ms)


Started GET "/merchandises/1" for ::1 at 2016-07-08 22:23:54 +0800
Processing by MerchandisesController#show as HTML
  Parameters: {"id"=>"1"}
  [1m[36mCart Load (0.1ms)[0m  [1mSELECT  "carts".* FROM "carts" WHERE "carts"."id" = ? LIMIT 1[0m  [["id", 12]]
  [1m[35mMerchandise Load (0.2ms)[0m  SELECT  "merchandises".* FROM "merchandises" WHERE "merchandises"."id" = ? LIMIT 1  [["id", 1]]
  [1m[36mLocation Load (0.1ms)[0m  [1mSELECT  "locations".* FROM "locations" WHERE "locations"."id" = ? LIMIT 1[0m  [["id", 3]]
  [1m[35mCity Load (0.1ms)[0m  SELECT  "cities".* FROM "cities" WHERE "cities"."id" = ? LIMIT 1  [["id", 56]]
  Rendered merchandises/show.html.erb within layouts/application (4.7ms)
Completed 500 Internal Server Error in 11ms (ActiveRecord: 0.5ms)

ActionView::Template::Error (undefined method `name' for nil:NilClass):
    15:   <br />
    16:   <p>Price: <%= @merchandise.price %></p>
    17:   <% if @merchandise.location %>
    18:   <p>Location: <%= @merchandise.location.city.name %></p>
    19:   <% end %>
    20:   <% if @merchandise.category %>
    21:     <p>Category: <%= render @merchandise.category %></p>
  app/views/merchandises/show.html.erb:18:in `_app_views_merchandises_show_html_erb___4221172581574491467_70192422825320'


  Rendered /usr/local/lib/ruby/gems/2.2.0/gems/actionpack-4.2.5/lib/action_dispatch/middleware/templates/rescues/_source.erb (6.1ms)
  Rendered /usr/local/lib/ruby/gems/2.2.0/gems/actionpack-4.2.5/lib/action_dispatch/middleware/templates/rescues/_trace.html.erb (4.3ms)
  Rendered /usr/local/lib/ruby/gems/2.2.0/gems/actionpack-4.2.5/lib/action_dispatch/middleware/templates/rescues/_request_and_response.html.erb (0.9ms)
  Rendered /usr/local/lib/ruby/gems/2.2.0/gems/actionpack-4.2.5/lib/action_dispatch/middleware/templates/rescues/template_error.html.erb within rescues/layout (59.6ms)
  Rendered /usr/local/lib/ruby/gems/2.2.0/gems/web-console-2.3.0/lib/web_console/templates/_markup.html.erb (0.6ms)
  Rendered /usr/local/lib/ruby/gems/2.2.0/gems/web-console-2.3.0/lib/web_console/templates/_inner_console_markup.html.erb within layouts/inlined_string (0.6ms)
  Rendered /usr/local/lib/ruby/gems/2.2.0/gems/web-console-2.3.0/lib/web_console/templates/_prompt_box_markup.html.erb within layouts/inlined_string (0.3ms)
  Rendered /usr/local/lib/ruby/gems/2.2.0/gems/web-console-2.3.0/lib/web_console/templates/style.css.erb within layouts/inlined_string (0.5ms)
  Rendered /usr/local/lib/ruby/gems/2.2.0/gems/web-console-2.3.0/lib/web_console/templates/console.js.erb within layouts/javascript (51.8ms)
  Rendered /usr/local/lib/ruby/gems/2.2.0/gems/web-console-2.3.0/lib/web_console/templates/main.js.erb within layouts/javascript (0.3ms)
  Rendered /usr/local/lib/ruby/gems/2.2.0/gems/web-console-2.3.0/lib/web_console/templates/error_page.js.erb within layouts/javascript (0.5ms)
  Rendered /usr/local/lib/ruby/gems/2.2.0/gems/web-console-2.3.0/lib/web_console/templates/index.html.erb (128.6ms)


Started GET "/merchandises/4" for ::1 at 2016-07-08 22:23:58 +0800
Processing by MerchandisesController#show as HTML
  Parameters: {"id"=>"4"}
  [1m[36mCart Load (0.1ms)[0m  [1mSELECT  "carts".* FROM "carts" WHERE "carts"."id" = ? LIMIT 1[0m  [["id", 12]]
  [1m[35mMerchandise Load (0.1ms)[0m  SELECT  "merchandises".* FROM "merchandises" WHERE "merchandises"."id" = ? LIMIT 1  [["id", 4]]
  [1m[36mLocation Load (0.1ms)[0m  [1mSELECT  "locations".* FROM "locations" WHERE "locations"."id" = ? LIMIT 1[0m  [["id", 1]]
  [1m[35mCity Load (0.1ms)[0m  SELECT  "cities".* FROM "cities" WHERE "cities"."id" = ? LIMIT 1  [["id", 56]]
  Rendered merchandises/show.html.erb within layouts/application (4.3ms)
Completed 500 Internal Server Error in 10ms (ActiveRecord: 0.4ms)

ActionView::Template::Error (undefined method `name' for nil:NilClass):
    15:   <br />
    16:   <p>Price: <%= @merchandise.price %></p>
    17:   <% if @merchandise.location %>
    18:   <p>Location: <%= @merchandise.location.city.name %></p>
    19:   <% end %>
    20:   <% if @merchandise.category %>
    21:     <p>Category: <%= render @merchandise.category %></p>
  app/views/merchandises/show.html.erb:18:in `_app_views_merchandises_show_html_erb___4221172581574491467_70192422825320'


  Rendered /usr/local/lib/ruby/gems/2.2.0/gems/actionpack-4.2.5/lib/action_dispatch/middleware/templates/rescues/_source.erb (11.6ms)
  Rendered /usr/local/lib/ruby/gems/2.2.0/gems/actionpack-4.2.5/lib/action_dispatch/middleware/templates/rescues/_trace.html.erb (2.6ms)
  Rendered /usr/local/lib/ruby/gems/2.2.0/gems/actionpack-4.2.5/lib/action_dispatch/middleware/templates/rescues/_request_and_response.html.erb (0.9ms)
  Rendered /usr/local/lib/ruby/gems/2.2.0/gems/actionpack-4.2.5/lib/action_dispatch/middleware/templates/rescues/template_error.html.erb within rescues/layout (60.2ms)
  Rendered /usr/local/lib/ruby/gems/2.2.0/gems/web-console-2.3.0/lib/web_console/templates/_markup.html.erb (0.4ms)
  Rendered /usr/local/lib/ruby/gems/2.2.0/gems/web-console-2.3.0/lib/web_console/templates/_inner_console_markup.html.erb within layouts/inlined_string (0.3ms)
  Rendered /usr/local/lib/ruby/gems/2.2.0/gems/web-console-2.3.0/lib/web_console/templates/_prompt_box_markup.html.erb within layouts/inlined_string (0.3ms)
  Rendered /usr/local/lib/ruby/gems/2.2.0/gems/web-console-2.3.0/lib/web_console/templates/style.css.erb within layouts/inlined_string (0.3ms)
  Rendered /usr/local/lib/ruby/gems/2.2.0/gems/web-console-2.3.0/lib/web_console/templates/console.js.erb within layouts/javascript (44.1ms)
  Rendered /usr/local/lib/ruby/gems/2.2.0/gems/web-console-2.3.0/lib/web_console/templates/main.js.erb within layouts/javascript (0.4ms)
  Rendered /usr/local/lib/ruby/gems/2.2.0/gems/web-console-2.3.0/lib/web_console/templates/error_page.js.erb within layouts/javascript (0.5ms)
  Rendered /usr/local/lib/ruby/gems/2.2.0/gems/web-console-2.3.0/lib/web_console/templates/index.html.erb (99.7ms)


Started GET "/merchandises/5" for ::1 at 2016-07-08 22:24:03 +0800
Processing by MerchandisesController#show as HTML
  Parameters: {"id"=>"5"}
  [1m[36mCart Load (0.2ms)[0m  [1mSELECT  "carts".* FROM "carts" WHERE "carts"."id" = ? LIMIT 1[0m  [["id", 12]]
  [1m[35mMerchandise Load (0.2ms)[0m  SELECT  "merchandises".* FROM "merchandises" WHERE "merchandises"."id" = ? LIMIT 1  [["id", 5]]
  [1m[36mLocation Load (0.1ms)[0m  [1mSELECT  "locations".* FROM "locations" WHERE "locations"."id" = ? LIMIT 1[0m  [["id", 2]]
  [1m[35mCity Load (0.1ms)[0m  SELECT  "cities".* FROM "cities" WHERE "cities"."id" = ? LIMIT 1  [["id", 78]]
  Rendered merchandises/show.html.erb within layouts/application (4.5ms)
Completed 500 Internal Server Error in 11ms (ActiveRecord: 0.6ms)

ActionView::Template::Error (undefined method `name' for nil:NilClass):
    15:   <br />
    16:   <p>Price: <%= @merchandise.price %></p>
    17:   <% if @merchandise.location %>
    18:   <p>Location: <%= @merchandise.location.city.name %></p>
    19:   <% end %>
    20:   <% if @merchandise.category %>
    21:     <p>Category: <%= render @merchandise.category %></p>
  app/views/merchandises/show.html.erb:18:in `_app_views_merchandises_show_html_erb___4221172581574491467_70192422825320'


  Rendered /usr/local/lib/ruby/gems/2.2.0/gems/actionpack-4.2.5/lib/action_dispatch/middleware/templates/rescues/_source.erb (7.9ms)
  Rendered /usr/local/lib/ruby/gems/2.2.0/gems/actionpack-4.2.5/lib/action_dispatch/middleware/templates/rescues/_trace.html.erb (4.1ms)
  Rendered /usr/local/lib/ruby/gems/2.2.0/gems/actionpack-4.2.5/lib/action_dispatch/middleware/templates/rescues/_request_and_response.html.erb (0.8ms)
  Rendered /usr/local/lib/ruby/gems/2.2.0/gems/actionpack-4.2.5/lib/action_dispatch/middleware/templates/rescues/template_error.html.erb within rescues/layout (69.4ms)
  Rendered /usr/local/lib/ruby/gems/2.2.0/gems/web-console-2.3.0/lib/web_console/templates/_markup.html.erb (0.5ms)
  Rendered /usr/local/lib/ruby/gems/2.2.0/gems/web-console-2.3.0/lib/web_console/templates/_inner_console_markup.html.erb within layouts/inlined_string (0.3ms)
  Rendered /usr/local/lib/ruby/gems/2.2.0/gems/web-console-2.3.0/lib/web_console/templates/_prompt_box_markup.html.erb within layouts/inlined_string (0.3ms)
  Rendered /usr/local/lib/ruby/gems/2.2.0/gems/web-console-2.3.0/lib/web_console/templates/style.css.erb within layouts/inlined_string (0.4ms)
  Rendered /usr/local/lib/ruby/gems/2.2.0/gems/web-console-2.3.0/lib/web_console/templates/console.js.erb within layouts/javascript (53.7ms)
  Rendered /usr/local/lib/ruby/gems/2.2.0/gems/web-console-2.3.0/lib/web_console/templates/main.js.erb within layouts/javascript (0.3ms)
  Rendered /usr/local/lib/ruby/gems/2.2.0/gems/web-console-2.3.0/lib/web_console/templates/error_page.js.erb within layouts/javascript (0.4ms)
  Rendered /usr/local/lib/ruby/gems/2.2.0/gems/web-console-2.3.0/lib/web_console/templates/index.html.erb (109.4ms)


Started GET "/merchandises" for ::1 at 2016-07-09 11:37:02 +0800
Processing by MerchandisesController#index as HTML
  [1m[36mCart Load (2.3ms)[0m  [1mSELECT  "carts".* FROM "carts" WHERE "carts"."id" = ? LIMIT 1[0m  [["id", 12]]
  [1m[35mMerchandise Load (3.7ms)[0m  SELECT "merchandises".* FROM "merchandises"
  Rendered merchandises/_merchandise.html.erb (241.8ms)
  Rendered merchandises/index.html.erb within layouts/application (249.2ms)
  Rendered layouts/_menu.html.erb (16.1ms)
  Rendered layouts/_header.html.erb (25.9ms)
  Rendered layouts/_menu.html.erb (1.2ms)
  Rendered layouts/_nav.html.erb (5.0ms)
  Rendered layouts/_categoryarea.html.erb (0.6ms)
  Rendered layouts/_messages.html.erb (0.7ms)
  Rendered layouts/_footer.html.erb (0.1ms)
  Rendered layouts/_gotopbtn.html.erb (0.3ms)
Completed 200 OK in 803ms (Views: 705.5ms | ActiveRecord: 6.0ms)


Started GET "/assets/logo-d2ac2c7911fb76b0054edcb17b3d23eb9f2595188ae477bf529506e2b8a9f412.png" for ::1 at 2016-07-09 11:37:04 +0800


Started GET "/assets/fonts/fontawesome-webfont.woff2?v=4.6.3" for ::1 at 2016-07-09 11:37:04 +0800


Started GET "/merchandises" for ::1 at 2016-07-09 11:42:11 +0800
  [1m[36mActiveRecord::SchemaMigration Load (0.4ms)[0m  [1mSELECT "schema_migrations".* FROM "schema_migrations"[0m
Processing by MerchandisesController#index as HTML
  [1m[35mCart Load (0.3ms)[0m  SELECT  "carts".* FROM "carts" WHERE "carts"."id" = ? LIMIT 1  [["id", 12]]
  [1m[36mMerchandise Load (0.4ms)[0m  [1mSELECT "merchandises".* FROM "merchandises"[0m
  Rendered merchandises/_merchandise.html.erb (1171.1ms)
  Rendered merchandises/index.html.erb within layouts/application (1180.7ms)
  Rendered layouts/_menu.html.erb (7.1ms)
  Rendered layouts/_header.html.erb (12.0ms)
  Rendered layouts/_menu.html.erb (0.6ms)
  Rendered layouts/_nav.html.erb (3.5ms)
  Rendered layouts/_categoryarea.html.erb (0.6ms)
  Rendered layouts/_messages.html.erb (0.8ms)
  Rendered layouts/_footer.html.erb (0.5ms)
  Rendered layouts/_gotopbtn.html.erb (0.5ms)
Completed 200 OK in 1495ms (Views: 1426.7ms | ActiveRecord: 2.0ms)


Started GET "/assets/font-awesome.self-c15686cf2fcb329eed4be342c1410e6c4831c6b284a7e5a1fd0d3c2186f1b201.css?body=1" for ::1 at 2016-07-09 11:42:13 +0800


Started GET "/assets/common/hamburgers.self-df5bc1e2153b2503cb03f5881b8708e3fd329ea330d9adcf252a041d7a9469f1.css?body=1" for ::1 at 2016-07-09 11:42:13 +0800


Started GET "/assets/common/normalize.self-45276a4294af35271a38d1c1e17e370c8058f2855ded5ab62cf586b86abdda33.css?body=1" for ::1 at 2016-07-09 11:42:13 +0800


Started GET "/assets/common/isotope.self-1d0cf401186f6fdd6a54bcad7cc554d8c8945f082baa17ea37a4871a5f2551e4.css?body=1" for ::1 at 2016-07-09 11:42:13 +0800


Started GET "/assets/common/common.self-728f231e90d72736615c16049933d73d5b50cc7d2f869a37d620c308d999b825.css?body=1" for ::1 at 2016-07-09 11:42:13 +0800


Started GET "/assets/index.self-d8a8c0fbc243bc3f6490d49ef4ee844cb1653783228825b50b828bd3dd56de2b.css?body=1" for ::1 at 2016-07-09 11:42:13 +0800


Started GET "/assets/merchandise.self-f746de094300481863c42acd23de8a828e600a5f25724633b8a41081f23b2a43.css?body=1" for ::1 at 2016-07-09 11:42:13 +0800


Started GET "/assets/application.self-373a8c46449c8945d5f568717121199071937453b95a71fc07004e7d01dc1f4e.css?body=1" for ::1 at 2016-07-09 11:42:13 +0800


Started GET "/assets/jquery.self-660adc51e0224b731d29f575a6f1ec167ba08ad06ed5deca4f1e8654c135bf4c.js?body=1" for ::1 at 2016-07-09 11:42:13 +0800


Started GET "/assets/jquery_ujs.self-e87806d0cf4489aeb1bb7288016024e8de67fd18db693fe026fe3907581e53cd.js?body=1" for ::1 at 2016-07-09 11:42:13 +0800


Started GET "/assets/bootstrap/affix.self-3555752f8a930795ee9e56751a52e6871104ae85d01b3ab8363da3802a5ecc78.js?body=1" for ::1 at 2016-07-09 11:42:13 +0800


Started GET "/assets/bootstrap/alert.self-d8b7bd612b3dcfdefb7b5539b9d5848d66ccbd3e7af8bb8d48bfb3288aaa7be8.js?body=1" for ::1 at 2016-07-09 11:42:13 +0800


Started GET "/assets/bootstrap/button.self-e74d33ba39500940a78d6fa4d2d64f6ca7fd86d60a2149641f7fde7ba711d8a1.js?body=1" for ::1 at 2016-07-09 11:42:13 +0800


Started GET "/assets/bootstrap/carousel.self-35d204878d906298e55bc24553e11fd89b980fc4ffe5792fe36af8c0da289c54.js?body=1" for ::1 at 2016-07-09 11:42:13 +0800


Started GET "/assets/bootstrap/collapse.self-056c40532d9f0f126ec17e839f60c942f573fbd61a086e7f156306e3fc5e8c1f.js?body=1" for ::1 at 2016-07-09 11:42:13 +0800


Started GET "/assets/bootstrap/modal.self-62463080dba6b9d024ff0a3192da0e76eacbc683194f3395047c6f5cfa0acb59.js?body=1" for ::1 at 2016-07-09 11:42:13 +0800


Started GET "/assets/bootstrap/dropdown.self-e56c2ffee4618411d43ecf15c89273f6223847ad756e1cd17545d04afa732ed4.js?body=1" for ::1 at 2016-07-09 11:42:13 +0800


Started GET "/assets/bootstrap/scrollspy.self-52afd90e8ba97d9f08617a13986e8869d6c4a45751c0bff59a6f91241e722aca.js?body=1" for ::1 at 2016-07-09 11:42:13 +0800


Started GET "/assets/bootstrap/transition.self-3b268d4cd8c79e46ded7392885f72f64ffb5b0d49948a12b8cf9779f6163e13a.js?body=1" for ::1 at 2016-07-09 11:42:14 +0800


Started GET "/assets/bootstrap/tab.self-dad0d5c377f9fae26394484535ebb23ccf68afae084f896af6ea4cdf8c9f6ae0.js?body=1" for ::1 at 2016-07-09 11:42:14 +0800


Started GET "/assets/bootstrap/tooltip.self-facdc69246a072acb927ded77ff655f7c27a518b9357fddd45d119fbc8a0ab9f.js?body=1" for ::1 at 2016-07-09 11:42:14 +0800


Started GET "/assets/bootstrap-sprockets.self-fbfa5ad7d9aa0afe439ec4ff3883acc4cb92b62cb67c40d674320c9aa1d4642d.js?body=1" for ::1 at 2016-07-09 11:42:14 +0800


Started GET "/assets/common/jquery.easing.self-c85028b4485f3b7e91508aa9891cfeb41a8884efd87672715de3fa1ae2173948.js?body=1" for ::1 at 2016-07-09 11:42:14 +0800


Started GET "/assets/common/fastclick.self-1aa08cb3c7aa70d268d24d59c374c14af7bd08e0af8c85f8e4f60a2651f4bab5.js?body=1" for ::1 at 2016-07-09 11:42:14 +0800


Started GET "/assets/common/jquery.isotope.self-9faccc188fab2b04afc350768225d3aa567421fc23b9f01082bf98eb1352ff99.js?body=1" for ::1 at 2016-07-09 11:42:14 +0800


Started GET "/assets/common/fun.self-7ea65007dbb970d5d38fa5911014c833cdaa676245ff90a2732237c85df6b983.js?body=1" for ::1 at 2016-07-09 11:42:14 +0800


Started GET "/assets/bootstrap/popover.self-210cff1fb4b72b71a29b5122180cb5937c8145cd13a934dc838280f1d9607a3e.js?body=1" for ::1 at 2016-07-09 11:42:14 +0800


Started GET "/assets/common/common.self-b5a9d8bb01d41cb35ef64be8090026c9238437f63b487196bb042dc24ba48a87.js?body=1" for ::1 at 2016-07-09 11:42:14 +0800


Started GET "/assets/index.self-c91f334f92fd6a8bd198c0dfe37b546cd0a6cbbde401b3dd66dfb843b3ea6be6.js?body=1" for ::1 at 2016-07-09 11:42:14 +0800


Started GET "/assets/merchandise.self-8d57e53a90316fbad41cf92ad68abbf1e4be5c8a505750975d369c6996028005.js?body=1" for ::1 at 2016-07-09 11:42:14 +0800


Started GET "/assets/application.self-16c207b3ca1b52afcfc7f4b662487caf1bbe084a6656bb15f693ab9de2d11be7.js?body=1" for ::1 at 2016-07-09 11:42:14 +0800


Started GET "/assets/logo-d2ac2c7911fb76b0054edcb17b3d23eb9f2595188ae477bf529506e2b8a9f412.png" for ::1 at 2016-07-09 11:42:14 +0800


Started GET "/assets/fontawesome-webfont-d3ebb498192527b985939ae62cc4e5eb5c108efc1896184126b45d866868e73d.woff2?v=4.6.1" for ::1 at 2016-07-09 11:42:14 +0800


Started GET "/merchandises" for ::1 at 2016-07-09 11:42:21 +0800
Processing by MerchandisesController#index as HTML
  [1m[35mCart Load (0.1ms)[0m  SELECT  "carts".* FROM "carts" WHERE "carts"."id" = ? LIMIT 1  [["id", 12]]
  [1m[36mMerchandise Load (0.7ms)[0m  [1mSELECT "merchandises".* FROM "merchandises"[0m
  Rendered merchandises/_merchandise.html.erb (25.3ms)
  Rendered merchandises/index.html.erb within layouts/application (29.9ms)
  Rendered layouts/_menu.html.erb (1.0ms)
  Rendered layouts/_header.html.erb (4.4ms)
  Rendered layouts/_menu.html.erb (0.4ms)
  Rendered layouts/_nav.html.erb (1.6ms)
  Rendered layouts/_categoryarea.html.erb (0.2ms)
  Rendered layouts/_messages.html.erb (0.3ms)
  Rendered layouts/_footer.html.erb (0.1ms)
  Rendered layouts/_gotopbtn.html.erb (0.1ms)
Completed 200 OK in 176ms (Views: 173.5ms | ActiveRecord: 0.8ms)


Started GET "/assets/application.self-f78feb67e8049abf326e5f19e9ab2ba7f61b9f1fb25454cd35f52b7a3ef8936a.css?body=1" for ::1 at 2016-07-09 11:42:21 +0800


Started GET "/assets/common/common.self-728f231e90d72736615c16049933d73d5b50cc7d2f869a37d620c308d999b825.css?body=1" for ::1 at 2016-07-09 11:42:21 +0800


Started GET "/assets/common/normalize.self-45276a4294af35271a38d1c1e17e370c8058f2855ded5ab62cf586b86abdda33.css?body=1" for ::1 at 2016-07-09 11:42:21 +0800


Started GET "/assets/index.self-d8a8c0fbc243bc3f6490d49ef4ee844cb1653783228825b50b828bd3dd56de2b.css?body=1" for ::1 at 2016-07-09 11:42:21 +0800


Started GET "/assets/common/hamburgers.self-df5bc1e2153b2503cb03f5881b8708e3fd329ea330d9adcf252a041d7a9469f1.css?body=1" for ::1 at 2016-07-09 11:42:21 +0800


Started GET "/assets/common/isotope.self-1d0cf401186f6fdd6a54bcad7cc554d8c8945f082baa17ea37a4871a5f2551e4.css?body=1" for ::1 at 2016-07-09 11:42:21 +0800


Started GET "/assets/merchandise.self-f746de094300481863c42acd23de8a828e600a5f25724633b8a41081f23b2a43.css?body=1" for ::1 at 2016-07-09 11:42:21 +0800


Started GET "/assets/jquery.self-660adc51e0224b731d29f575a6f1ec167ba08ad06ed5deca4f1e8654c135bf4c.js?body=1" for ::1 at 2016-07-09 11:42:21 +0800


Started GET "/assets/jquery_ujs.self-e87806d0cf4489aeb1bb7288016024e8de67fd18db693fe026fe3907581e53cd.js?body=1" for ::1 at 2016-07-09 11:42:21 +0800


Started GET "/assets/bootstrap/affix.self-3555752f8a930795ee9e56751a52e6871104ae85d01b3ab8363da3802a5ecc78.js?body=1" for ::1 at 2016-07-09 11:42:21 +0800


Started GET "/assets/bootstrap/alert.self-d8b7bd612b3dcfdefb7b5539b9d5848d66ccbd3e7af8bb8d48bfb3288aaa7be8.js?body=1" for ::1 at 2016-07-09 11:42:21 +0800


Started GET "/assets/bootstrap/button.self-e74d33ba39500940a78d6fa4d2d64f6ca7fd86d60a2149641f7fde7ba711d8a1.js?body=1" for ::1 at 2016-07-09 11:42:21 +0800


Started GET "/assets/bootstrap/collapse.self-056c40532d9f0f126ec17e839f60c942f573fbd61a086e7f156306e3fc5e8c1f.js?body=1" for ::1 at 2016-07-09 11:42:21 +0800


Started GET "/assets/bootstrap/dropdown.self-e56c2ffee4618411d43ecf15c89273f6223847ad756e1cd17545d04afa732ed4.js?body=1" for ::1 at 2016-07-09 11:42:21 +0800


Started GET "/assets/bootstrap/transition.self-3b268d4cd8c79e46ded7392885f72f64ffb5b0d49948a12b8cf9779f6163e13a.js?body=1" for ::1 at 2016-07-09 11:42:21 +0800


Started GET "/assets/bootstrap/modal.self-62463080dba6b9d024ff0a3192da0e76eacbc683194f3395047c6f5cfa0acb59.js?body=1" for ::1 at 2016-07-09 11:42:21 +0800


Started GET "/assets/bootstrap/scrollspy.self-52afd90e8ba97d9f08617a13986e8869d6c4a45751c0bff59a6f91241e722aca.js?body=1" for ::1 at 2016-07-09 11:42:21 +0800


Started GET "/assets/bootstrap/tab.self-dad0d5c377f9fae26394484535ebb23ccf68afae084f896af6ea4cdf8c9f6ae0.js?body=1" for ::1 at 2016-07-09 11:42:21 +0800


Started GET "/assets/bootstrap/carousel.self-35d204878d906298e55bc24553e11fd89b980fc4ffe5792fe36af8c0da289c54.js?body=1" for ::1 at 2016-07-09 11:42:21 +0800


Started GET "/assets/bootstrap/tooltip.self-facdc69246a072acb927ded77ff655f7c27a518b9357fddd45d119fbc8a0ab9f.js?body=1" for ::1 at 2016-07-09 11:42:21 +0800


Started GET "/assets/bootstrap/popover.self-210cff1fb4b72b71a29b5122180cb5937c8145cd13a934dc838280f1d9607a3e.js?body=1" for ::1 at 2016-07-09 11:42:21 +0800


Started GET "/assets/bootstrap-sprockets.self-fbfa5ad7d9aa0afe439ec4ff3883acc4cb92b62cb67c40d674320c9aa1d4642d.js?body=1" for ::1 at 2016-07-09 11:42:21 +0800


Started GET "/assets/common/jquery.easing.self-c85028b4485f3b7e91508aa9891cfeb41a8884efd87672715de3fa1ae2173948.js?body=1" for ::1 at 2016-07-09 11:42:21 +0800


Started GET "/assets/common/jquery.isotope.self-9faccc188fab2b04afc350768225d3aa567421fc23b9f01082bf98eb1352ff99.js?body=1" for ::1 at 2016-07-09 11:42:21 +0800


Started GET "/assets/common/fastclick.self-1aa08cb3c7aa70d268d24d59c374c14af7bd08e0af8c85f8e4f60a2651f4bab5.js?body=1" for ::1 at 2016-07-09 11:42:22 +0800


Started GET "/assets/common/fun.self-7ea65007dbb970d5d38fa5911014c833cdaa676245ff90a2732237c85df6b983.js?body=1" for ::1 at 2016-07-09 11:42:22 +0800


Started GET "/assets/common/common.self-b5a9d8bb01d41cb35ef64be8090026c9238437f63b487196bb042dc24ba48a87.js?body=1" for ::1 at 2016-07-09 11:42:22 +0800


Started GET "/assets/merchandise.self-8d57e53a90316fbad41cf92ad68abbf1e4be5c8a505750975d369c6996028005.js?body=1" for ::1 at 2016-07-09 11:42:22 +0800


Started GET "/assets/index.self-c91f334f92fd6a8bd198c0dfe37b546cd0a6cbbde401b3dd66dfb843b3ea6be6.js?body=1" for ::1 at 2016-07-09 11:42:22 +0800


Started GET "/assets/application.self-16c207b3ca1b52afcfc7f4b662487caf1bbe084a6656bb15f693ab9de2d11be7.js?body=1" for ::1 at 2016-07-09 11:42:22 +0800


Started GET "/assets/logo-d2ac2c7911fb76b0054edcb17b3d23eb9f2595188ae477bf529506e2b8a9f412.png" for ::1 at 2016-07-09 11:42:22 +0800


Started GET "/merchandises" for ::1 at 2016-07-09 11:42:32 +0800
Processing by MerchandisesController#index as HTML
  [1m[35mCart Load (0.2ms)[0m  SELECT  "carts".* FROM "carts" WHERE "carts"."id" = ? LIMIT 1  [["id", 12]]
  [1m[36mMerchandise Load (0.3ms)[0m  [1mSELECT "merchandises".* FROM "merchandises"[0m
  Rendered merchandises/_merchandise.html.erb (12.2ms)
  Rendered merchandises/index.html.erb within layouts/application (16.5ms)
  Rendered layouts/_menu.html.erb (1.2ms)
  Rendered layouts/_header.html.erb (6.3ms)
  Rendered layouts/_menu.html.erb (0.8ms)
  Rendered layouts/_nav.html.erb (3.0ms)
  Rendered layouts/_categoryarea.html.erb (0.1ms)
  Rendered layouts/_messages.html.erb (0.1ms)
  Rendered layouts/_footer.html.erb (0.1ms)
  Rendered layouts/_gotopbtn.html.erb (0.1ms)
Completed 200 OK in 130ms (Views: 127.1ms | ActiveRecord: 0.5ms)


Started GET "/assets/common/normalize.self-45276a4294af35271a38d1c1e17e370c8058f2855ded5ab62cf586b86abdda33.css?body=1" for ::1 at 2016-07-09 11:42:33 +0800


Started GET "/assets/common/isotope.self-1d0cf401186f6fdd6a54bcad7cc554d8c8945f082baa17ea37a4871a5f2551e4.css?body=1" for ::1 at 2016-07-09 11:42:33 +0800


Started GET "/assets/application.self-373a8c46449c8945d5f568717121199071937453b95a71fc07004e7d01dc1f4e.css?body=1" for ::1 at 2016-07-09 11:42:33 +0800


Started GET "/assets/jquery.self-660adc51e0224b731d29f575a6f1ec167ba08ad06ed5deca4f1e8654c135bf4c.js?body=1" for ::1 at 2016-07-09 11:42:33 +0800


Started GET "/assets/font-awesome.self-c15686cf2fcb329eed4be342c1410e6c4831c6b284a7e5a1fd0d3c2186f1b201.css?body=1" for ::1 at 2016-07-09 11:42:33 +0800


Started GET "/assets/index.self-d8a8c0fbc243bc3f6490d49ef4ee844cb1653783228825b50b828bd3dd56de2b.css?body=1" for ::1 at 2016-07-09 11:42:33 +0800


Started GET "/assets/common/hamburgers.self-df5bc1e2153b2503cb03f5881b8708e3fd329ea330d9adcf252a041d7a9469f1.css?body=1" for ::1 at 2016-07-09 11:42:33 +0800


Started GET "/assets/merchandise.self-f746de094300481863c42acd23de8a828e600a5f25724633b8a41081f23b2a43.css?body=1" for ::1 at 2016-07-09 11:42:33 +0800


Started GET "/assets/common/common.self-728f231e90d72736615c16049933d73d5b50cc7d2f869a37d620c308d999b825.css?body=1" for ::1 at 2016-07-09 11:42:33 +0800


Started GET "/assets/bootstrap/affix.self-3555752f8a930795ee9e56751a52e6871104ae85d01b3ab8363da3802a5ecc78.js?body=1" for ::1 at 2016-07-09 11:42:33 +0800


Started GET "/assets/jquery_ujs.self-e87806d0cf4489aeb1bb7288016024e8de67fd18db693fe026fe3907581e53cd.js?body=1" for ::1 at 2016-07-09 11:42:33 +0800


Started GET "/assets/bootstrap/alert.self-d8b7bd612b3dcfdefb7b5539b9d5848d66ccbd3e7af8bb8d48bfb3288aaa7be8.js?body=1" for ::1 at 2016-07-09 11:42:33 +0800


Started GET "/assets/bootstrap/collapse.self-056c40532d9f0f126ec17e839f60c942f573fbd61a086e7f156306e3fc5e8c1f.js?body=1" for ::1 at 2016-07-09 11:42:33 +0800


Started GET "/assets/bootstrap/dropdown.self-e56c2ffee4618411d43ecf15c89273f6223847ad756e1cd17545d04afa732ed4.js?body=1" for ::1 at 2016-07-09 11:42:33 +0800


Started GET "/assets/bootstrap/button.self-e74d33ba39500940a78d6fa4d2d64f6ca7fd86d60a2149641f7fde7ba711d8a1.js?body=1" for ::1 at 2016-07-09 11:42:33 +0800


Started GET "/assets/bootstrap/carousel.self-35d204878d906298e55bc24553e11fd89b980fc4ffe5792fe36af8c0da289c54.js?body=1" for ::1 at 2016-07-09 11:42:33 +0800


Started GET "/assets/bootstrap/scrollspy.self-52afd90e8ba97d9f08617a13986e8869d6c4a45751c0bff59a6f91241e722aca.js?body=1" for ::1 at 2016-07-09 11:42:33 +0800


Started GET "/assets/bootstrap/modal.self-62463080dba6b9d024ff0a3192da0e76eacbc683194f3395047c6f5cfa0acb59.js?body=1" for ::1 at 2016-07-09 11:42:33 +0800


Started GET "/assets/bootstrap/tab.self-dad0d5c377f9fae26394484535ebb23ccf68afae084f896af6ea4cdf8c9f6ae0.js?body=1" for ::1 at 2016-07-09 11:42:33 +0800


Started GET "/assets/bootstrap/transition.self-3b268d4cd8c79e46ded7392885f72f64ffb5b0d49948a12b8cf9779f6163e13a.js?body=1" for ::1 at 2016-07-09 11:42:33 +0800


Started GET "/assets/bootstrap/tooltip.self-facdc69246a072acb927ded77ff655f7c27a518b9357fddd45d119fbc8a0ab9f.js?body=1" for ::1 at 2016-07-09 11:42:33 +0800


Started GET "/assets/bootstrap-sprockets.self-fbfa5ad7d9aa0afe439ec4ff3883acc4cb92b62cb67c40d674320c9aa1d4642d.js?body=1" for ::1 at 2016-07-09 11:42:33 +0800


Started GET "/assets/bootstrap/popover.self-210cff1fb4b72b71a29b5122180cb5937c8145cd13a934dc838280f1d9607a3e.js?body=1" for ::1 at 2016-07-09 11:42:33 +0800


Started GET "/assets/common/jquery.isotope.self-9faccc188fab2b04afc350768225d3aa567421fc23b9f01082bf98eb1352ff99.js?body=1" for ::1 at 2016-07-09 11:42:33 +0800


Started GET "/assets/common/fastclick.self-1aa08cb3c7aa70d268d24d59c374c14af7bd08e0af8c85f8e4f60a2651f4bab5.js?body=1" for ::1 at 2016-07-09 11:42:33 +0800


Started GET "/assets/common/jquery.easing.self-c85028b4485f3b7e91508aa9891cfeb41a8884efd87672715de3fa1ae2173948.js?body=1" for ::1 at 2016-07-09 11:42:33 +0800


Started GET "/assets/common/fun.self-7ea65007dbb970d5d38fa5911014c833cdaa676245ff90a2732237c85df6b983.js?body=1" for ::1 at 2016-07-09 11:42:33 +0800


Started GET "/assets/common/common.self-b5a9d8bb01d41cb35ef64be8090026c9238437f63b487196bb042dc24ba48a87.js?body=1" for ::1 at 2016-07-09 11:42:33 +0800


Started GET "/assets/merchandise.self-8d57e53a90316fbad41cf92ad68abbf1e4be5c8a505750975d369c6996028005.js?body=1" for ::1 at 2016-07-09 11:42:33 +0800


Started GET "/assets/index.self-c91f334f92fd6a8bd198c0dfe37b546cd0a6cbbde401b3dd66dfb843b3ea6be6.js?body=1" for ::1 at 2016-07-09 11:42:33 +0800


Started GET "/assets/application.self-16c207b3ca1b52afcfc7f4b662487caf1bbe084a6656bb15f693ab9de2d11be7.js?body=1" for ::1 at 2016-07-09 11:42:33 +0800


Started GET "/assets/logo-d2ac2c7911fb76b0054edcb17b3d23eb9f2595188ae477bf529506e2b8a9f412.png" for ::1 at 2016-07-09 11:42:33 +0800


Started GET "/assets/fontawesome-webfont-d3ebb498192527b985939ae62cc4e5eb5c108efc1896184126b45d866868e73d.woff2?v=4.6.1" for ::1 at 2016-07-09 11:42:33 +0800


Started GET "/users/sign_up" for ::1 at 2016-07-09 11:58:50 +0800
Processing by Users::RegistrationsController#new as HTML
  [1m[35mCart Load (0.3ms)[0m  SELECT  "carts".* FROM "carts" WHERE "carts"."id" = ? LIMIT 1  [["id", 12]]
  Rendered devise/shared/_links.html.erb (13.6ms)
  Rendered devise/registrations/new.html.erb within layouts/application (194.2ms)
  Rendered layouts/_menu.html.erb (0.8ms)
  Rendered layouts/_header.html.erb (10.5ms)
  Rendered layouts/_menu.html.erb (0.7ms)
  Rendered layouts/_nav.html.erb (2.5ms)
  Rendered layouts/_categoryarea.html.erb (0.1ms)
  Rendered layouts/_messages.html.erb (0.2ms)
  Rendered layouts/_footer.html.erb (0.3ms)
  Rendered layouts/_gotopbtn.html.erb (0.1ms)
Completed 200 OK in 497ms (Views: 470.5ms | ActiveRecord: 0.8ms)


Started GET "/users/sign_in" for ::1 at 2016-07-09 11:58:59 +0800
Processing by Devise::SessionsController#new as HTML
  [1m[36mCart Load (0.1ms)[0m  [1mSELECT  "carts".* FROM "carts" WHERE "carts"."id" = ? LIMIT 1[0m  [["id", 12]]
  Rendered devise/shared/_links.html.erb (11.6ms)
  Rendered devise/sessions/new.html.erb within layouts/application (29.8ms)
  Rendered layouts/_menu.html.erb (0.9ms)
  Rendered layouts/_header.html.erb (4.5ms)
  Rendered layouts/_menu.html.erb (0.9ms)
  Rendered layouts/_nav.html.erb (3.6ms)
  Rendered layouts/_categoryarea.html.erb (0.1ms)
  Rendered layouts/_messages.html.erb (0.2ms)
  Rendered layouts/_footer.html.erb (0.1ms)
  Rendered layouts/_gotopbtn.html.erb (0.1ms)
Completed 200 OK in 166ms (Views: 159.5ms | ActiveRecord: 0.1ms)


Started GET "/users/sign_up" for ::1 at 2016-07-09 11:59:03 +0800
Processing by Users::RegistrationsController#new as HTML
  [1m[35mCart Load (0.2ms)[0m  SELECT  "carts".* FROM "carts" WHERE "carts"."id" = ? LIMIT 1  [["id", 12]]
  Rendered devise/shared/_links.html.erb (5.4ms)
  Rendered devise/registrations/new.html.erb within layouts/application (12.2ms)
  Rendered layouts/_menu.html.erb (0.9ms)
  Rendered layouts/_header.html.erb (4.5ms)
  Rendered layouts/_menu.html.erb (0.7ms)
  Rendered layouts/_nav.html.erb (2.7ms)
  Rendered layouts/_categoryarea.html.erb (0.1ms)
  Rendered layouts/_messages.html.erb (0.2ms)
  Rendered layouts/_footer.html.erb (0.1ms)
  Rendered layouts/_gotopbtn.html.erb (0.1ms)
Completed 200 OK in 102ms (Views: 100.3ms | ActiveRecord: 0.2ms)


Started GET "/users/sign_up" for ::1 at 2016-07-09 11:59:21 +0800
Processing by Users::RegistrationsController#new as HTML
  [1m[36mCart Load (0.1ms)[0m  [1mSELECT  "carts".* FROM "carts" WHERE "carts"."id" = ? LIMIT 1[0m  [["id", nil]]
  [1m[35m (0.1ms)[0m  begin transaction
  [1m[36mSQL (2.5ms)[0m  [1mINSERT INTO "carts" ("created_at", "updated_at") VALUES (?, ?)[0m  [["created_at", "2016-07-09 03:59:21.196253"], ["updated_at", "2016-07-09 03:59:21.196253"]]
  [1m[35m (2.7ms)[0m  commit transaction
  Rendered devise/shared/_links.html.erb (7.8ms)
  Rendered devise/registrations/new.html.erb within layouts/application (21.7ms)
  Rendered layouts/_menu.html.erb (0.6ms)
  Rendered layouts/_header.html.erb (4.6ms)
  Rendered layouts/_menu.html.erb (0.5ms)
  Rendered layouts/_nav.html.erb (2.1ms)
  Rendered layouts/_categoryarea.html.erb (0.1ms)
  Rendered layouts/_messages.html.erb (0.1ms)
  Rendered layouts/_footer.html.erb (0.0ms)
  Rendered layouts/_gotopbtn.html.erb (0.1ms)
Completed 200 OK in 129ms (Views: 117.5ms | ActiveRecord: 5.5ms)


Started GET "/assets/common/normalize.self-45276a4294af35271a38d1c1e17e370c8058f2855ded5ab62cf586b86abdda33.css?body=1" for ::1 at 2016-07-09 11:59:21 +0800


Started GET "/assets/index.self-d8a8c0fbc243bc3f6490d49ef4ee844cb1653783228825b50b828bd3dd56de2b.css?body=1" for ::1 at 2016-07-09 11:59:21 +0800


Started GET "/assets/common/hamburgers.self-df5bc1e2153b2503cb03f5881b8708e3fd329ea330d9adcf252a041d7a9469f1.css?body=1" for ::1 at 2016-07-09 11:59:21 +0800


Started GET "/assets/font-awesome.self-c15686cf2fcb329eed4be342c1410e6c4831c6b284a7e5a1fd0d3c2186f1b201.css?body=1" for ::1 at 2016-07-09 11:59:21 +0800


Started GET "/assets/common/common.self-728f231e90d72736615c16049933d73d5b50cc7d2f869a37d620c308d999b825.css?body=1" for ::1 at 2016-07-09 11:59:21 +0800


Started GET "/assets/common/isotope.self-1d0cf401186f6fdd6a54bcad7cc554d8c8945f082baa17ea37a4871a5f2551e4.css?body=1" for ::1 at 2016-07-09 11:59:21 +0800


Started GET "/assets/merchandise.self-f746de094300481863c42acd23de8a828e600a5f25724633b8a41081f23b2a43.css?body=1" for ::1 at 2016-07-09 11:59:21 +0800


Started GET "/assets/application.self-373a8c46449c8945d5f568717121199071937453b95a71fc07004e7d01dc1f4e.css?body=1" for ::1 at 2016-07-09 11:59:21 +0800


Started GET "/assets/jquery.self-660adc51e0224b731d29f575a6f1ec167ba08ad06ed5deca4f1e8654c135bf4c.js?body=1" for ::1 at 2016-07-09 11:59:21 +0800


Started GET "/assets/jquery_ujs.self-e87806d0cf4489aeb1bb7288016024e8de67fd18db693fe026fe3907581e53cd.js?body=1" for ::1 at 2016-07-09 11:59:21 +0800


Started GET "/assets/bootstrap/affix.self-3555752f8a930795ee9e56751a52e6871104ae85d01b3ab8363da3802a5ecc78.js?body=1" for ::1 at 2016-07-09 11:59:21 +0800


Started GET "/assets/bootstrap/alert.self-d8b7bd612b3dcfdefb7b5539b9d5848d66ccbd3e7af8bb8d48bfb3288aaa7be8.js?body=1" for ::1 at 2016-07-09 11:59:21 +0800


Started GET "/assets/bootstrap/button.self-e74d33ba39500940a78d6fa4d2d64f6ca7fd86d60a2149641f7fde7ba711d8a1.js?body=1" for ::1 at 2016-07-09 11:59:21 +0800


Started GET "/assets/bootstrap/carousel.self-35d204878d906298e55bc24553e11fd89b980fc4ffe5792fe36af8c0da289c54.js?body=1" for ::1 at 2016-07-09 11:59:21 +0800


Started GET "/assets/bootstrap/collapse.self-056c40532d9f0f126ec17e839f60c942f573fbd61a086e7f156306e3fc5e8c1f.js?body=1" for ::1 at 2016-07-09 11:59:21 +0800


Started GET "/assets/bootstrap/dropdown.self-e56c2ffee4618411d43ecf15c89273f6223847ad756e1cd17545d04afa732ed4.js?body=1" for ::1 at 2016-07-09 11:59:21 +0800


Started GET "/assets/bootstrap/modal.self-62463080dba6b9d024ff0a3192da0e76eacbc683194f3395047c6f5cfa0acb59.js?body=1" for ::1 at 2016-07-09 11:59:21 +0800


Started GET "/assets/bootstrap/scrollspy.self-52afd90e8ba97d9f08617a13986e8869d6c4a45751c0bff59a6f91241e722aca.js?body=1" for ::1 at 2016-07-09 11:59:21 +0800


Started GET "/assets/bootstrap/tab.self-dad0d5c377f9fae26394484535ebb23ccf68afae084f896af6ea4cdf8c9f6ae0.js?body=1" for ::1 at 2016-07-09 11:59:21 +0800


Started GET "/assets/bootstrap/transition.self-3b268d4cd8c79e46ded7392885f72f64ffb5b0d49948a12b8cf9779f6163e13a.js?body=1" for ::1 at 2016-07-09 11:59:21 +0800


Started GET "/assets/bootstrap/tooltip.self-facdc69246a072acb927ded77ff655f7c27a518b9357fddd45d119fbc8a0ab9f.js?body=1" for ::1 at 2016-07-09 11:59:21 +0800


Started GET "/assets/bootstrap/popover.self-210cff1fb4b72b71a29b5122180cb5937c8145cd13a934dc838280f1d9607a3e.js?body=1" for ::1 at 2016-07-09 11:59:21 +0800


Started GET "/assets/bootstrap-sprockets.self-fbfa5ad7d9aa0afe439ec4ff3883acc4cb92b62cb67c40d674320c9aa1d4642d.js?body=1" for ::1 at 2016-07-09 11:59:21 +0800


Started GET "/assets/common/jquery.easing.self-c85028b4485f3b7e91508aa9891cfeb41a8884efd87672715de3fa1ae2173948.js?body=1" for ::1 at 2016-07-09 11:59:21 +0800


Started GET "/assets/common/jquery.isotope.self-9faccc188fab2b04afc350768225d3aa567421fc23b9f01082bf98eb1352ff99.js?body=1" for ::1 at 2016-07-09 11:59:21 +0800


Started GET "/assets/common/fastclick.self-1aa08cb3c7aa70d268d24d59c374c14af7bd08e0af8c85f8e4f60a2651f4bab5.js?body=1" for ::1 at 2016-07-09 11:59:21 +0800


Started GET "/assets/common/fun.self-7ea65007dbb970d5d38fa5911014c833cdaa676245ff90a2732237c85df6b983.js?body=1" for ::1 at 2016-07-09 11:59:21 +0800


Started GET "/assets/common/common.self-b5a9d8bb01d41cb35ef64be8090026c9238437f63b487196bb042dc24ba48a87.js?body=1" for ::1 at 2016-07-09 11:59:21 +0800


Started GET "/assets/index.self-c91f334f92fd6a8bd198c0dfe37b546cd0a6cbbde401b3dd66dfb843b3ea6be6.js?body=1" for ::1 at 2016-07-09 11:59:21 +0800


Started GET "/assets/merchandise.self-8d57e53a90316fbad41cf92ad68abbf1e4be5c8a505750975d369c6996028005.js?body=1" for ::1 at 2016-07-09 11:59:21 +0800


Started GET "/assets/application.self-16c207b3ca1b52afcfc7f4b662487caf1bbe084a6656bb15f693ab9de2d11be7.js?body=1" for ::1 at 2016-07-09 11:59:21 +0800


Started GET "/assets/logo-d2ac2c7911fb76b0054edcb17b3d23eb9f2595188ae477bf529506e2b8a9f412.png" for ::1 at 2016-07-09 11:59:21 +0800


Started GET "/assets/fontawesome-webfont-d3ebb498192527b985939ae62cc4e5eb5c108efc1896184126b45d866868e73d.woff2?v=4.6.1" for ::1 at 2016-07-09 11:59:21 +0800


Started POST "/users" for ::1 at 2016-07-09 12:00:11 +0800
Processing by Users::RegistrationsController#create as HTML
  Parameters: {"utf8"=>"✓", "authenticity_token"=>"rJiu0izyUl5AwYZAO4OZacldOiQCCmWjQMD9+OvgDhooQ0imE5WFB4f3owg+OZfWujMP3dbbP2cbO4DY8fSp6Q==", "user"=>{"username"=>"fergus", "email"=>"fergusinto@yahoo.com.tw", "mobile"=>"0911023539", "password"=>"[FILTERED]", "password_confirmation"=>"[FILTERED]"}, "commit"=>"Sign up"}
  [1m[36mCart Load (0.1ms)[0m  [1mSELECT  "carts".* FROM "carts" WHERE "carts"."id" = ? LIMIT 1[0m  [["id", 13]]
  [1m[35m (0.1ms)[0m  begin transaction
  [1m[36mUser Exists (0.2ms)[0m  [1mSELECT  1 AS one FROM "users" WHERE "users"."email" = 'fergusinto@yahoo.com.tw' LIMIT 1[0m
  [1m[35mUser Exists (2.2ms)[0m  SELECT  1 AS one FROM "users" WHERE LOWER("users"."username") = LOWER('fergus') LIMIT 1
  [1m[36mUser Load (0.2ms)[0m  [1mSELECT  "users".* FROM "users" WHERE "users"."authentication_token" = ?  ORDER BY "users"."id" ASC LIMIT 1[0m  [["authentication_token", "d-w6zWbDiVr6nT4wf3Em"]]
  [1m[35mSQL (0.3ms)[0m  INSERT INTO "users" ("email", "encrypted_password", "username", "mobile", "authentication_token", "created_at", "updated_at", "confirmation_token", "confirmation_sent_at") VALUES (?, ?, ?, ?, ?, ?, ?, ?, ?)  [["email", "fergusinto@yahoo.com.tw"], ["encrypted_password", "$2a$11$Dx/dIh2gMd.gYNf0e/5K8uI/Jo2HIEjTO/LVfCPnslCNR2q.AMx3m"], ["username", "fergus"], ["mobile", "0911023539"], ["authentication_token", "d-w6zWbDiVr6nT4wf3Em"], ["created_at", "2016-07-09 04:00:11.614615"], ["updated_at", "2016-07-09 04:00:11.614615"], ["confirmation_token", "U3NyfU623T4QFmjyqymf"], ["confirmation_sent_at", "2016-07-09 04:00:11.614908"]]
  [1m[36m (2.4ms)[0m  [1mcommit transaction[0m
  Rendered devise/mailer/confirmation_instructions.html.erb (5.3ms)

Devise::Mailer#confirmation_instructions: processed outbound mail in 433.0ms

Sent mail to fergusinto@yahoo.com.tw (28.8ms)
Date: Sat, 09 Jul 2016 12:00:12 +0800
From: donot-reply@ririkoko.com
Reply-To: donot-reply@ririkoko.com
To: fergusinto@yahoo.com.tw
Message-ID: <578076cc165ca_35033ffe646607b845622@macdeMacBook-Air.local.mail>
Subject: Confirmation instructions
Mime-Version: 1.0
Content-Type: text/html;
 charset=UTF-8
Content-Transfer-Encoding: 7bit

<p>Welcome fergusinto@yahoo.com.tw!</p>

<p>You can confirm your account email through the link below:</p>

<p><a href="https://flea-market-absoluteyl.c9users.io/users/confirmation?confirmation_token=U3NyfU623T4QFmjyqymf">Confirm my account</a></p>

Redirected to http://localhost:3000/
Completed 302 Found in 728ms (ActiveRecord: 5.5ms)


Started GET "/" for ::1 at 2016-07-09 12:00:12 +0800
Processing by WelcomeController#index as HTML
  [1m[35mCart Load (0.2ms)[0m  SELECT  "carts".* FROM "carts" WHERE "carts"."id" = ? LIMIT 1  [["id", 13]]
  Rendered welcome/index.html.erb within layouts/application (25.6ms)
  Rendered layouts/_menu.html.erb (1.1ms)
  Rendered layouts/_header.html.erb (5.1ms)
  Rendered layouts/_menu.html.erb (0.7ms)
  Rendered layouts/_nav.html.erb (2.9ms)
  Rendered layouts/_categoryarea.html.erb (0.1ms)
  Rendered layouts/_messages.html.erb (0.2ms)
  Rendered layouts/_footer.html.erb (0.1ms)
  Rendered layouts/_gotopbtn.html.erb (0.1ms)
Completed 200 OK in 133ms (Views: 129.1ms | ActiveRecord: 0.2ms)


Started GET "/assets/slider/slider1-db0b54b0a2591279c96d04af4f02f622765b49c07ff758fd4c3f0e83f2f68a31.jpg" for ::1 at 2016-07-09 12:00:12 +0800


Started GET "/assets/slider/slider3-7be179967c9a452a8139961f4ccd49f60d8d665522bf21ac2e65e9de149c90e1.jpg" for ::1 at 2016-07-09 12:00:12 +0800


Started GET "/assets/banner2-fd04858fa7961fdda0791462300167d1855c6b02a7c6fd7af04a9555df20ad72.jpg" for ::1 at 2016-07-09 12:00:12 +0800


Started GET "/assets/banner1-f0bf139c366bfc4ef9b3e3fada20e0700afc02055a2f0de5900275952d005689.png" for ::1 at 2016-07-09 12:00:12 +0800


Started GET "/assets/slider/slider2-df5b61066c9cd51363f9d8528c38e1bfb47c1d10d9a1a015ba215c0ffc13d33a.jpg" for ::1 at 2016-07-09 12:00:12 +0800


Started GET "/" for ::1 at 2016-07-09 12:01:21 +0800
Processing by WelcomeController#index as HTML
  [1m[36mCart Load (1.0ms)[0m  [1mSELECT  "carts".* FROM "carts" WHERE "carts"."id" = ? LIMIT 1[0m  [["id", 13]]
  Rendered welcome/index.html.erb within layouts/application (28.7ms)
  Rendered layouts/_menu.html.erb (10.0ms)
  Rendered layouts/_header.html.erb (17.2ms)
  Rendered layouts/_menu.html.erb (0.7ms)
  Rendered layouts/_nav.html.erb (2.7ms)
  Rendered layouts/_categoryarea.html.erb (0.1ms)
  Rendered layouts/_messages.html.erb (0.4ms)
  Rendered layouts/_footer.html.erb (0.1ms)
  Rendered layouts/_gotopbtn.html.erb (0.2ms)
Completed 200 OK in 252ms (Views: 233.4ms | ActiveRecord: 1.0ms)


Started GET "/assets/font-awesome.self-c15686cf2fcb329eed4be342c1410e6c4831c6b284a7e5a1fd0d3c2186f1b201.css?body=1" for ::1 at 2016-07-09 12:01:21 +0800


Started GET "/assets/common/normalize.self-45276a4294af35271a38d1c1e17e370c8058f2855ded5ab62cf586b86abdda33.css?body=1" for ::1 at 2016-07-09 12:01:21 +0800


Started GET "/assets/index.self-d8a8c0fbc243bc3f6490d49ef4ee844cb1653783228825b50b828bd3dd56de2b.css?body=1" for ::1 at 2016-07-09 12:01:21 +0800


Started GET "/assets/common/hamburgers.self-df5bc1e2153b2503cb03f5881b8708e3fd329ea330d9adcf252a041d7a9469f1.css?body=1" for ::1 at 2016-07-09 12:01:21 +0800


Started GET "/assets/common/isotope.self-1d0cf401186f6fdd6a54bcad7cc554d8c8945f082baa17ea37a4871a5f2551e4.css?body=1" for ::1 at 2016-07-09 12:01:21 +0800


Started GET "/assets/common/common.self-728f231e90d72736615c16049933d73d5b50cc7d2f869a37d620c308d999b825.css?body=1" for ::1 at 2016-07-09 12:01:21 +0800


Started GET "/assets/merchandise.self-f746de094300481863c42acd23de8a828e600a5f25724633b8a41081f23b2a43.css?body=1" for ::1 at 2016-07-09 12:01:21 +0800


Started GET "/assets/jquery.self-660adc51e0224b731d29f575a6f1ec167ba08ad06ed5deca4f1e8654c135bf4c.js?body=1" for ::1 at 2016-07-09 12:01:21 +0800


Started GET "/assets/application.self-373a8c46449c8945d5f568717121199071937453b95a71fc07004e7d01dc1f4e.css?body=1" for ::1 at 2016-07-09 12:01:22 +0800


Started GET "/assets/jquery_ujs.self-e87806d0cf4489aeb1bb7288016024e8de67fd18db693fe026fe3907581e53cd.js?body=1" for ::1 at 2016-07-09 12:01:22 +0800


Started GET "/assets/bootstrap/affix.self-3555752f8a930795ee9e56751a52e6871104ae85d01b3ab8363da3802a5ecc78.js?body=1" for ::1 at 2016-07-09 12:01:22 +0800


Started GET "/assets/bootstrap/alert.self-d8b7bd612b3dcfdefb7b5539b9d5848d66ccbd3e7af8bb8d48bfb3288aaa7be8.js?body=1" for ::1 at 2016-07-09 12:01:22 +0800


Started GET "/assets/bootstrap/button.self-e74d33ba39500940a78d6fa4d2d64f6ca7fd86d60a2149641f7fde7ba711d8a1.js?body=1" for ::1 at 2016-07-09 12:01:22 +0800


Started GET "/assets/bootstrap/carousel.self-35d204878d906298e55bc24553e11fd89b980fc4ffe5792fe36af8c0da289c54.js?body=1" for ::1 at 2016-07-09 12:01:22 +0800


Started GET "/assets/bootstrap/collapse.self-056c40532d9f0f126ec17e839f60c942f573fbd61a086e7f156306e3fc5e8c1f.js?body=1" for ::1 at 2016-07-09 12:01:22 +0800


Started GET "/assets/bootstrap/dropdown.self-e56c2ffee4618411d43ecf15c89273f6223847ad756e1cd17545d04afa732ed4.js?body=1" for ::1 at 2016-07-09 12:01:22 +0800


Started GET "/assets/bootstrap/modal.self-62463080dba6b9d024ff0a3192da0e76eacbc683194f3395047c6f5cfa0acb59.js?body=1" for ::1 at 2016-07-09 12:01:22 +0800


Started GET "/assets/bootstrap/scrollspy.self-52afd90e8ba97d9f08617a13986e8869d6c4a45751c0bff59a6f91241e722aca.js?body=1" for ::1 at 2016-07-09 12:01:22 +0800


Started GET "/assets/bootstrap/tab.self-dad0d5c377f9fae26394484535ebb23ccf68afae084f896af6ea4cdf8c9f6ae0.js?body=1" for ::1 at 2016-07-09 12:01:22 +0800


Started GET "/assets/bootstrap/transition.self-3b268d4cd8c79e46ded7392885f72f64ffb5b0d49948a12b8cf9779f6163e13a.js?body=1" for ::1 at 2016-07-09 12:01:22 +0800


Started GET "/assets/bootstrap/tooltip.self-facdc69246a072acb927ded77ff655f7c27a518b9357fddd45d119fbc8a0ab9f.js?body=1" for ::1 at 2016-07-09 12:01:22 +0800


Started GET "/assets/bootstrap/popover.self-210cff1fb4b72b71a29b5122180cb5937c8145cd13a934dc838280f1d9607a3e.js?body=1" for ::1 at 2016-07-09 12:01:22 +0800


Started GET "/assets/bootstrap-sprockets.self-fbfa5ad7d9aa0afe439ec4ff3883acc4cb92b62cb67c40d674320c9aa1d4642d.js?body=1" for ::1 at 2016-07-09 12:01:22 +0800


Started GET "/assets/common/jquery.easing.self-c85028b4485f3b7e91508aa9891cfeb41a8884efd87672715de3fa1ae2173948.js?body=1" for ::1 at 2016-07-09 12:01:22 +0800


Started GET "/assets/common/jquery.isotope.self-9faccc188fab2b04afc350768225d3aa567421fc23b9f01082bf98eb1352ff99.js?body=1" for ::1 at 2016-07-09 12:01:22 +0800


Started GET "/assets/common/fastclick.self-1aa08cb3c7aa70d268d24d59c374c14af7bd08e0af8c85f8e4f60a2651f4bab5.js?body=1" for ::1 at 2016-07-09 12:01:22 +0800


Started GET "/assets/common/fun.self-7ea65007dbb970d5d38fa5911014c833cdaa676245ff90a2732237c85df6b983.js?body=1" for ::1 at 2016-07-09 12:01:22 +0800


Started GET "/assets/common/common.self-b5a9d8bb01d41cb35ef64be8090026c9238437f63b487196bb042dc24ba48a87.js?body=1" for ::1 at 2016-07-09 12:01:22 +0800


Started GET "/assets/index.self-c91f334f92fd6a8bd198c0dfe37b546cd0a6cbbde401b3dd66dfb843b3ea6be6.js?body=1" for ::1 at 2016-07-09 12:01:22 +0800


Started GET "/assets/merchandise.self-8d57e53a90316fbad41cf92ad68abbf1e4be5c8a505750975d369c6996028005.js?body=1" for ::1 at 2016-07-09 12:01:22 +0800


Started GET "/assets/application.self-16c207b3ca1b52afcfc7f4b662487caf1bbe084a6656bb15f693ab9de2d11be7.js?body=1" for ::1 at 2016-07-09 12:01:22 +0800


Started GET "/assets/slider/slider2-df5b61066c9cd51363f9d8528c38e1bfb47c1d10d9a1a015ba215c0ffc13d33a.jpg" for ::1 at 2016-07-09 12:01:22 +0800


Started GET "/assets/banner1-f0bf139c366bfc4ef9b3e3fada20e0700afc02055a2f0de5900275952d005689.png" for ::1 at 2016-07-09 12:01:22 +0800


Started GET "/assets/slider/slider3-7be179967c9a452a8139961f4ccd49f60d8d665522bf21ac2e65e9de149c90e1.jpg" for ::1 at 2016-07-09 12:01:22 +0800


Started GET "/assets/slider/slider1-db0b54b0a2591279c96d04af4f02f622765b49c07ff758fd4c3f0e83f2f68a31.jpg" for ::1 at 2016-07-09 12:01:22 +0800


Started GET "/assets/banner2-fd04858fa7961fdda0791462300167d1855c6b02a7c6fd7af04a9555df20ad72.jpg" for ::1 at 2016-07-09 12:01:22 +0800


Started GET "/assets/logo-d2ac2c7911fb76b0054edcb17b3d23eb9f2595188ae477bf529506e2b8a9f412.png" for ::1 at 2016-07-09 12:01:22 +0800


Started GET "/users/sign_in" for ::1 at 2016-07-09 12:01:24 +0800
Processing by Devise::SessionsController#new as HTML
  [1m[35mCart Load (0.1ms)[0m  SELECT  "carts".* FROM "carts" WHERE "carts"."id" = ? LIMIT 1  [["id", 13]]
  Rendered devise/shared/_links.html.erb (9.1ms)
  Rendered devise/sessions/new.html.erb within layouts/application (28.2ms)
  Rendered layouts/_menu.html.erb (0.6ms)
  Rendered layouts/_header.html.erb (3.5ms)
  Rendered layouts/_menu.html.erb (0.8ms)
  Rendered layouts/_nav.html.erb (2.4ms)
  Rendered layouts/_categoryarea.html.erb (0.1ms)
  Rendered layouts/_messages.html.erb (0.1ms)
  Rendered layouts/_footer.html.erb (0.1ms)
  Rendered layouts/_gotopbtn.html.erb (0.1ms)
Completed 200 OK in 132ms (Views: 128.9ms | ActiveRecord: 0.1ms)


Started POST "/users/sign_in" for ::1 at 2016-07-09 12:01:32 +0800
Processing by Devise::SessionsController#create as HTML
  Parameters: {"utf8"=>"✓", "authenticity_token"=>"UJHLAAcELJRKY6yvxCjN+c+hHtlKuh5dTm6oglBm6aDUSi10OGP7zY1ViefBksNGvM8rIJ5rRJkVldWiSnJOUw==", "user"=>{"email"=>"fergusinto@yahoo.com.tw", "password"=>"[FILTERED]", "remember_me"=>"0"}, "commit"=>"Log in"}
  [1m[36mCart Load (0.2ms)[0m  [1mSELECT  "carts".* FROM "carts" WHERE "carts"."id" = ? LIMIT 1[0m  [["id", 13]]
  [1m[35mUser Load (0.3ms)[0m  SELECT  "users".* FROM "users" WHERE "users"."email" = ?  ORDER BY "users"."id" ASC LIMIT 1  [["email", "fergusinto@yahoo.com.tw"]]
  [1m[36m (0.2ms)[0m  [1mbegin transaction[0m
  [1m[35m (0.1ms)[0m  commit transaction
Completed 401 Unauthorized in 179ms (ActiveRecord: 0.8ms)


Started GET "/users/sign_in" for ::1 at 2016-07-09 12:01:32 +0800
Processing by Devise::SessionsController#new as HTML
  [1m[36mCart Load (0.1ms)[0m  [1mSELECT  "carts".* FROM "carts" WHERE "carts"."id" = ? LIMIT 1[0m  [["id", 13]]
  Rendered devise/shared/_links.html.erb (7.4ms)
  Rendered devise/sessions/new.html.erb within layouts/application (13.1ms)
  Rendered layouts/_menu.html.erb (0.7ms)
  Rendered layouts/_header.html.erb (3.6ms)
  Rendered layouts/_menu.html.erb (0.6ms)
  Rendered layouts/_nav.html.erb (1.8ms)
  Rendered layouts/_categoryarea.html.erb (0.1ms)
  Rendered layouts/_messages.html.erb (0.2ms)
  Rendered layouts/_footer.html.erb (0.0ms)
  Rendered layouts/_gotopbtn.html.erb (0.0ms)
Completed 200 OK in 95ms (Views: 93.3ms | ActiveRecord: 0.1ms)


Started GET "/users/sign_up" for ::1 at 2016-07-09 12:02:23 +0800
Processing by Users::RegistrationsController#new as HTML
  [1m[35mCart Load (0.1ms)[0m  SELECT  "carts".* FROM "carts" WHERE "carts"."id" = ? LIMIT 1  [["id", 13]]
  Rendered devise/shared/_links.html.erb (4.5ms)
  Rendered devise/registrations/new.html.erb within layouts/application (12.5ms)
  Rendered layouts/_menu.html.erb (0.8ms)
  Rendered layouts/_header.html.erb (9.4ms)
  Rendered layouts/_menu.html.erb (0.5ms)
  Rendered layouts/_nav.html.erb (1.7ms)
  Rendered layouts/_categoryarea.html.erb (0.1ms)
  Rendered layouts/_messages.html.erb (0.2ms)
  Rendered layouts/_footer.html.erb (0.1ms)
  Rendered layouts/_gotopbtn.html.erb (0.1ms)
Completed 200 OK in 286ms (Views: 284.5ms | ActiveRecord: 0.1ms)


Started POST "/users" for ::1 at 2016-07-09 12:03:06 +0800
Processing by Users::RegistrationsController#create as HTML
  Parameters: {"utf8"=>"✓", "authenticity_token"=>"vpeEulYOdL8PjkSiAGU9HWTT+o2X3Yl11lW8qHwFa0g6TGLOaWmj5si4YeoF3zOiF73PdEMM07GNrsGIZhHMuw==", "user"=>{"username"=>"fergus", "email"=>"fergusinto@yahoo.com.tw", "mobile"=>"0911023539", "password"=>"[FILTERED]", "password_confirmation"=>"[FILTERED]"}, "commit"=>"Sign up"}
  [1m[36mCart Load (0.2ms)[0m  [1mSELECT  "carts".* FROM "carts" WHERE "carts"."id" = ? LIMIT 1[0m  [["id", 13]]
  [1m[35m (0.1ms)[0m  begin transaction
  [1m[36mUser Exists (0.1ms)[0m  [1mSELECT  1 AS one FROM "users" WHERE "users"."email" = 'fergusinto@yahoo.com.tw' LIMIT 1[0m
  [1m[35mUser Exists (0.1ms)[0m  SELECT  1 AS one FROM "users" WHERE LOWER("users"."username") = LOWER('fergus') LIMIT 1
  [1m[36m (0.1ms)[0m  [1mrollback transaction[0m
  Rendered devise/shared/_links.html.erb (6.9ms)
  Rendered devise/registrations/new.html.erb within layouts/application (19.3ms)
  Rendered layouts/_menu.html.erb (0.5ms)
  Rendered layouts/_header.html.erb (2.5ms)
  Rendered layouts/_menu.html.erb (0.4ms)
  Rendered layouts/_nav.html.erb (1.7ms)
  Rendered layouts/_categoryarea.html.erb (0.1ms)
  Rendered layouts/_messages.html.erb (0.2ms)
  Rendered layouts/_footer.html.erb (0.1ms)
  Rendered layouts/_gotopbtn.html.erb (0.1ms)
Completed 200 OK in 311ms (Views: 128.4ms | ActiveRecord: 0.6ms)


Started GET "/users/sign_in" for ::1 at 2016-07-09 12:03:17 +0800
Processing by Devise::SessionsController#new as HTML
  [1m[35mCart Load (0.3ms)[0m  SELECT  "carts".* FROM "carts" WHERE "carts"."id" = ? LIMIT 1  [["id", 13]]
  Rendered devise/shared/_links.html.erb (7.0ms)
  Rendered devise/sessions/new.html.erb within layouts/application (13.9ms)
  Rendered layouts/_menu.html.erb (1.3ms)
  Rendered layouts/_header.html.erb (3.7ms)
  Rendered layouts/_menu.html.erb (0.4ms)
  Rendered layouts/_nav.html.erb (1.9ms)
  Rendered layouts/_categoryarea.html.erb (0.0ms)
  Rendered layouts/_messages.html.erb (0.1ms)
  Rendered layouts/_footer.html.erb (0.1ms)
  Rendered layouts/_gotopbtn.html.erb (0.0ms)
Completed 200 OK in 94ms (Views: 90.4ms | ActiveRecord: 0.3ms)


Started POST "/users/sign_in" for ::1 at 2016-07-09 12:03:22 +0800
Processing by Devise::SessionsController#create as HTML
  Parameters: {"utf8"=>"✓", "authenticity_token"=>"FcN7LL3RUGm7DWlB25wJuRa4gm/b96YCWYXlBQRL9QORGJ1YgraHMHw7TAneJgcGZda3lg8m/MYCfpglHl9S8A==", "user"=>{"email"=>"fergusinto@yahoo.com.tw", "password"=>"[FILTERED]", "remember_me"=>"0"}, "commit"=>"Log in"}
  [1m[36mCart Load (0.1ms)[0m  [1mSELECT  "carts".* FROM "carts" WHERE "carts"."id" = ? LIMIT 1[0m  [["id", 13]]
  [1m[35mUser Load (0.1ms)[0m  SELECT  "users".* FROM "users" WHERE "users"."email" = ?  ORDER BY "users"."id" ASC LIMIT 1  [["email", "fergusinto@yahoo.com.tw"]]
  [1m[36m (0.1ms)[0m  [1mbegin transaction[0m
  [1m[35m (0.1ms)[0m  commit transaction
Completed 401 Unauthorized in 174ms (ActiveRecord: 0.4ms)


Started GET "/users/sign_in" for ::1 at 2016-07-09 12:03:22 +0800
Processing by Devise::SessionsController#new as HTML
  [1m[36mCart Load (0.1ms)[0m  [1mSELECT  "carts".* FROM "carts" WHERE "carts"."id" = ? LIMIT 1[0m  [["id", 13]]
  Rendered devise/shared/_links.html.erb (8.6ms)
  Rendered devise/sessions/new.html.erb within layouts/application (14.8ms)
  Rendered layouts/_menu.html.erb (1.0ms)
  Rendered layouts/_header.html.erb (4.6ms)
  Rendered layouts/_menu.html.erb (0.7ms)
  Rendered layouts/_nav.html.erb (2.9ms)
  Rendered layouts/_categoryarea.html.erb (0.1ms)
  Rendered layouts/_messages.html.erb (0.2ms)
  Rendered layouts/_footer.html.erb (0.1ms)
  Rendered layouts/_gotopbtn.html.erb (0.1ms)
Completed 200 OK in 88ms (Views: 86.1ms | ActiveRecord: 0.1ms)


Started GET "/" for ::1 at 2016-07-09 12:04:10 +0800
Processing by WelcomeController#index as HTML
  [1m[35mCart Load (0.7ms)[0m  SELECT  "carts".* FROM "carts" WHERE "carts"."id" = ? LIMIT 1  [["id", 13]]
  Rendered welcome/index.html.erb within layouts/application (35.0ms)
  Rendered layouts/_menu.html.erb (1.4ms)
  Rendered layouts/_header.html.erb (9.9ms)
  Rendered layouts/_menu.html.erb (0.8ms)
  Rendered layouts/_nav.html.erb (3.1ms)
  Rendered layouts/_categoryarea.html.erb (0.1ms)
  Rendered layouts/_messages.html.erb (0.3ms)
  Rendered layouts/_footer.html.erb (0.1ms)
  Rendered layouts/_gotopbtn.html.erb (0.1ms)
Completed 200 OK in 413ms (Views: 400.7ms | ActiveRecord: 0.7ms)


Started GET "/" for ::1 at 2016-07-09 12:10:49 +0800
Processing by WelcomeController#index as HTML
  [1m[36mCart Load (0.7ms)[0m  [1mSELECT  "carts".* FROM "carts" WHERE "carts"."id" = ? LIMIT 1[0m  [["id", 13]]
  Rendered welcome/index.html.erb within layouts/application (778.2ms)
  Rendered layouts/_menu.html.erb (5.9ms)
  Rendered layouts/_header.html.erb (18.7ms)
  Rendered layouts/_menu.html.erb (0.5ms)
  Rendered layouts/_nav.html.erb (3.1ms)
  Rendered layouts/_categoryarea.html.erb (0.2ms)
  Rendered layouts/_messages.html.erb (0.2ms)
  Rendered layouts/_footer.html.erb (0.1ms)
  Rendered layouts/_gotopbtn.html.erb (0.1ms)
Completed 200 OK in 1102ms (Views: 1089.2ms | ActiveRecord: 0.7ms)


Started GET "/assets/font-awesome.self-c15686cf2fcb329eed4be342c1410e6c4831c6b284a7e5a1fd0d3c2186f1b201.css?body=1" for ::1 at 2016-07-09 12:10:51 +0800


Started GET "/assets/common/normalize.self-45276a4294af35271a38d1c1e17e370c8058f2855ded5ab62cf586b86abdda33.css?body=1" for ::1 at 2016-07-09 12:10:51 +0800


Started GET "/assets/common/hamburgers.self-df5bc1e2153b2503cb03f5881b8708e3fd329ea330d9adcf252a041d7a9469f1.css?body=1" for ::1 at 2016-07-09 12:10:51 +0800


Started GET "/assets/common/isotope.self-1d0cf401186f6fdd6a54bcad7cc554d8c8945f082baa17ea37a4871a5f2551e4.css?body=1" for ::1 at 2016-07-09 12:10:51 +0800


Started GET "/assets/index.self-d8a8c0fbc243bc3f6490d49ef4ee844cb1653783228825b50b828bd3dd56de2b.css?body=1" for ::1 at 2016-07-09 12:10:51 +0800


Started GET "/assets/common/common.self-728f231e90d72736615c16049933d73d5b50cc7d2f869a37d620c308d999b825.css?body=1" for ::1 at 2016-07-09 12:10:51 +0800


Started GET "/assets/merchandise.self-f746de094300481863c42acd23de8a828e600a5f25724633b8a41081f23b2a43.css?body=1" for ::1 at 2016-07-09 12:10:51 +0800


Started GET "/assets/jquery.self-660adc51e0224b731d29f575a6f1ec167ba08ad06ed5deca4f1e8654c135bf4c.js?body=1" for ::1 at 2016-07-09 12:10:51 +0800


Started GET "/assets/application.self-373a8c46449c8945d5f568717121199071937453b95a71fc07004e7d01dc1f4e.css?body=1" for ::1 at 2016-07-09 12:10:51 +0800


Started GET "/assets/jquery_ujs.self-e87806d0cf4489aeb1bb7288016024e8de67fd18db693fe026fe3907581e53cd.js?body=1" for ::1 at 2016-07-09 12:10:51 +0800


Started GET "/assets/bootstrap/affix.self-3555752f8a930795ee9e56751a52e6871104ae85d01b3ab8363da3802a5ecc78.js?body=1" for ::1 at 2016-07-09 12:10:51 +0800


Started GET "/assets/bootstrap/alert.self-d8b7bd612b3dcfdefb7b5539b9d5848d66ccbd3e7af8bb8d48bfb3288aaa7be8.js?body=1" for ::1 at 2016-07-09 12:10:51 +0800


Started GET "/assets/bootstrap/button.self-e74d33ba39500940a78d6fa4d2d64f6ca7fd86d60a2149641f7fde7ba711d8a1.js?body=1" for ::1 at 2016-07-09 12:10:51 +0800


Started GET "/assets/bootstrap/carousel.self-35d204878d906298e55bc24553e11fd89b980fc4ffe5792fe36af8c0da289c54.js?body=1" for ::1 at 2016-07-09 12:10:51 +0800


Started GET "/assets/bootstrap/collapse.self-056c40532d9f0f126ec17e839f60c942f573fbd61a086e7f156306e3fc5e8c1f.js?body=1" for ::1 at 2016-07-09 12:10:51 +0800


Started GET "/assets/bootstrap/dropdown.self-e56c2ffee4618411d43ecf15c89273f6223847ad756e1cd17545d04afa732ed4.js?body=1" for ::1 at 2016-07-09 12:10:51 +0800


Started GET "/assets/bootstrap/modal.self-62463080dba6b9d024ff0a3192da0e76eacbc683194f3395047c6f5cfa0acb59.js?body=1" for ::1 at 2016-07-09 12:10:51 +0800


Started GET "/assets/bootstrap/scrollspy.self-52afd90e8ba97d9f08617a13986e8869d6c4a45751c0bff59a6f91241e722aca.js?body=1" for ::1 at 2016-07-09 12:10:51 +0800


Started GET "/assets/bootstrap/tab.self-dad0d5c377f9fae26394484535ebb23ccf68afae084f896af6ea4cdf8c9f6ae0.js?body=1" for ::1 at 2016-07-09 12:10:51 +0800


Started GET "/assets/bootstrap/transition.self-3b268d4cd8c79e46ded7392885f72f64ffb5b0d49948a12b8cf9779f6163e13a.js?body=1" for ::1 at 2016-07-09 12:10:51 +0800


Started GET "/assets/bootstrap/popover.self-210cff1fb4b72b71a29b5122180cb5937c8145cd13a934dc838280f1d9607a3e.js?body=1" for ::1 at 2016-07-09 12:10:51 +0800


Started GET "/assets/bootstrap-sprockets.self-fbfa5ad7d9aa0afe439ec4ff3883acc4cb92b62cb67c40d674320c9aa1d4642d.js?body=1" for ::1 at 2016-07-09 12:10:51 +0800


Started GET "/assets/bootstrap/tooltip.self-facdc69246a072acb927ded77ff655f7c27a518b9357fddd45d119fbc8a0ab9f.js?body=1" for ::1 at 2016-07-09 12:10:51 +0800


Started GET "/assets/common/jquery.easing.self-c85028b4485f3b7e91508aa9891cfeb41a8884efd87672715de3fa1ae2173948.js?body=1" for ::1 at 2016-07-09 12:10:51 +0800


Started GET "/assets/common/jquery.isotope.self-9faccc188fab2b04afc350768225d3aa567421fc23b9f01082bf98eb1352ff99.js?body=1" for ::1 at 2016-07-09 12:10:51 +0800


Started GET "/assets/common/fastclick.self-1aa08cb3c7aa70d268d24d59c374c14af7bd08e0af8c85f8e4f60a2651f4bab5.js?body=1" for ::1 at 2016-07-09 12:10:51 +0800


Started GET "/assets/common/fun.self-7ea65007dbb970d5d38fa5911014c833cdaa676245ff90a2732237c85df6b983.js?body=1" for ::1 at 2016-07-09 12:10:51 +0800


Started GET "/assets/common/common.self-b5a9d8bb01d41cb35ef64be8090026c9238437f63b487196bb042dc24ba48a87.js?body=1" for ::1 at 2016-07-09 12:10:51 +0800


Started GET "/assets/index.self-c91f334f92fd6a8bd198c0dfe37b546cd0a6cbbde401b3dd66dfb843b3ea6be6.js?body=1" for ::1 at 2016-07-09 12:10:51 +0800


Started GET "/assets/merchandise.self-8d57e53a90316fbad41cf92ad68abbf1e4be5c8a505750975d369c6996028005.js?body=1" for ::1 at 2016-07-09 12:10:51 +0800


Started GET "/assets/application.self-16c207b3ca1b52afcfc7f4b662487caf1bbe084a6656bb15f693ab9de2d11be7.js?body=1" for ::1 at 2016-07-09 12:10:51 +0800


Started GET "/assets/logo-d2ac2c7911fb76b0054edcb17b3d23eb9f2595188ae477bf529506e2b8a9f412.png" for ::1 at 2016-07-09 12:10:51 +0800


Started GET "/assets/banner1-f0bf139c366bfc4ef9b3e3fada20e0700afc02055a2f0de5900275952d005689.png" for ::1 at 2016-07-09 12:10:51 +0800


Started GET "/assets/slider/slider1-db0b54b0a2591279c96d04af4f02f622765b49c07ff758fd4c3f0e83f2f68a31.jpg" for ::1 at 2016-07-09 12:10:51 +0800


Started GET "/assets/slider/slider2-df5b61066c9cd51363f9d8528c38e1bfb47c1d10d9a1a015ba215c0ffc13d33a.jpg" for ::1 at 2016-07-09 12:10:51 +0800


Started GET "/assets/product-70bc0edfea54c04e036ab67ee52de4e632d8fa51480e81bef8c5469f44f046ad.jpg" for ::1 at 2016-07-09 12:10:51 +0800


Started GET "/assets/banner2-fd04858fa7961fdda0791462300167d1855c6b02a7c6fd7af04a9555df20ad72.jpg" for ::1 at 2016-07-09 12:10:51 +0800


Started GET "/assets/slider/slider3-7be179967c9a452a8139961f4ccd49f60d8d665522bf21ac2e65e9de149c90e1.jpg" for ::1 at 2016-07-09 12:10:51 +0800


Started GET "/assets/fontawesome-webfont-d3ebb498192527b985939ae62cc4e5eb5c108efc1896184126b45d866868e73d.woff2?v=4.6.1" for ::1 at 2016-07-09 12:10:51 +0800


Started GET "/" for ::1 at 2016-07-09 12:11:15 +0800
Processing by WelcomeController#index as HTML
  [1m[35mCart Load (0.9ms)[0m  SELECT  "carts".* FROM "carts" WHERE "carts"."id" = ? LIMIT 1  [["id", 13]]
  Rendered welcome/index.html.erb within layouts/application (38.0ms)
  Rendered layouts/_menu.html.erb (1.4ms)
  Rendered layouts/_header.html.erb (10.3ms)
  Rendered layouts/_menu.html.erb (0.8ms)
  Rendered layouts/_nav.html.erb (4.5ms)
  Rendered layouts/_categoryarea.html.erb (0.1ms)
  Rendered layouts/_messages.html.erb (0.1ms)
  Rendered layouts/_footer.html.erb (0.1ms)
  Rendered layouts/_gotopbtn.html.erb (0.1ms)
Completed 200 OK in 253ms (Views: 249.2ms | ActiveRecord: 0.9ms)


Started GET "/assets/common/normalize.self-45276a4294af35271a38d1c1e17e370c8058f2855ded5ab62cf586b86abdda33.css?body=1" for ::1 at 2016-07-09 12:11:15 +0800


Started GET "/assets/common/isotope.self-1d0cf401186f6fdd6a54bcad7cc554d8c8945f082baa17ea37a4871a5f2551e4.css?body=1" for ::1 at 2016-07-09 12:11:15 +0800


Started GET "/assets/index.self-d8a8c0fbc243bc3f6490d49ef4ee844cb1653783228825b50b828bd3dd56de2b.css?body=1" for ::1 at 2016-07-09 12:11:15 +0800


Started GET "/assets/common/hamburgers.self-df5bc1e2153b2503cb03f5881b8708e3fd329ea330d9adcf252a041d7a9469f1.css?body=1" for ::1 at 2016-07-09 12:11:15 +0800


Started GET "/assets/common/common.self-728f231e90d72736615c16049933d73d5b50cc7d2f869a37d620c308d999b825.css?body=1" for ::1 at 2016-07-09 12:11:15 +0800


Started GET "/assets/font-awesome.self-c15686cf2fcb329eed4be342c1410e6c4831c6b284a7e5a1fd0d3c2186f1b201.css?body=1" for ::1 at 2016-07-09 12:11:15 +0800


Started GET "/assets/merchandise.self-f746de094300481863c42acd23de8a828e600a5f25724633b8a41081f23b2a43.css?body=1" for ::1 at 2016-07-09 12:11:15 +0800


Started GET "/assets/application.self-373a8c46449c8945d5f568717121199071937453b95a71fc07004e7d01dc1f4e.css?body=1" for ::1 at 2016-07-09 12:11:15 +0800


Started GET "/assets/jquery.self-660adc51e0224b731d29f575a6f1ec167ba08ad06ed5deca4f1e8654c135bf4c.js?body=1" for ::1 at 2016-07-09 12:11:15 +0800


Started GET "/assets/jquery_ujs.self-e87806d0cf4489aeb1bb7288016024e8de67fd18db693fe026fe3907581e53cd.js?body=1" for ::1 at 2016-07-09 12:11:15 +0800


Started GET "/assets/bootstrap/affix.self-3555752f8a930795ee9e56751a52e6871104ae85d01b3ab8363da3802a5ecc78.js?body=1" for ::1 at 2016-07-09 12:11:15 +0800


Started GET "/assets/bootstrap/alert.self-d8b7bd612b3dcfdefb7b5539b9d5848d66ccbd3e7af8bb8d48bfb3288aaa7be8.js?body=1" for ::1 at 2016-07-09 12:11:15 +0800


Started GET "/assets/bootstrap/button.self-e74d33ba39500940a78d6fa4d2d64f6ca7fd86d60a2149641f7fde7ba711d8a1.js?body=1" for ::1 at 2016-07-09 12:11:15 +0800


Started GET "/assets/bootstrap/carousel.self-35d204878d906298e55bc24553e11fd89b980fc4ffe5792fe36af8c0da289c54.js?body=1" for ::1 at 2016-07-09 12:11:15 +0800


Started GET "/assets/bootstrap/collapse.self-056c40532d9f0f126ec17e839f60c942f573fbd61a086e7f156306e3fc5e8c1f.js?body=1" for ::1 at 2016-07-09 12:11:15 +0800


Started GET "/assets/bootstrap/dropdown.self-e56c2ffee4618411d43ecf15c89273f6223847ad756e1cd17545d04afa732ed4.js?body=1" for ::1 at 2016-07-09 12:11:15 +0800


Started GET "/assets/bootstrap/modal.self-62463080dba6b9d024ff0a3192da0e76eacbc683194f3395047c6f5cfa0acb59.js?body=1" for ::1 at 2016-07-09 12:11:15 +0800


Started GET "/assets/bootstrap/scrollspy.self-52afd90e8ba97d9f08617a13986e8869d6c4a45751c0bff59a6f91241e722aca.js?body=1" for ::1 at 2016-07-09 12:11:15 +0800


Started GET "/assets/bootstrap/tab.self-dad0d5c377f9fae26394484535ebb23ccf68afae084f896af6ea4cdf8c9f6ae0.js?body=1" for ::1 at 2016-07-09 12:11:15 +0800


Started GET "/assets/bootstrap/tooltip.self-facdc69246a072acb927ded77ff655f7c27a518b9357fddd45d119fbc8a0ab9f.js?body=1" for ::1 at 2016-07-09 12:11:15 +0800


Started GET "/assets/bootstrap/transition.self-3b268d4cd8c79e46ded7392885f72f64ffb5b0d49948a12b8cf9779f6163e13a.js?body=1" for ::1 at 2016-07-09 12:11:15 +0800


Started GET "/assets/bootstrap-sprockets.self-fbfa5ad7d9aa0afe439ec4ff3883acc4cb92b62cb67c40d674320c9aa1d4642d.js?body=1" for ::1 at 2016-07-09 12:11:15 +0800


Started GET "/assets/bootstrap/popover.self-210cff1fb4b72b71a29b5122180cb5937c8145cd13a934dc838280f1d9607a3e.js?body=1" for ::1 at 2016-07-09 12:11:15 +0800


Started GET "/assets/common/jquery.easing.self-c85028b4485f3b7e91508aa9891cfeb41a8884efd87672715de3fa1ae2173948.js?body=1" for ::1 at 2016-07-09 12:11:15 +0800


Started GET "/assets/common/jquery.isotope.self-9faccc188fab2b04afc350768225d3aa567421fc23b9f01082bf98eb1352ff99.js?body=1" for ::1 at 2016-07-09 12:11:15 +0800


Started GET "/assets/common/fastclick.self-1aa08cb3c7aa70d268d24d59c374c14af7bd08e0af8c85f8e4f60a2651f4bab5.js?body=1" for ::1 at 2016-07-09 12:11:15 +0800


Started GET "/assets/common/fun.self-7ea65007dbb970d5d38fa5911014c833cdaa676245ff90a2732237c85df6b983.js?body=1" for ::1 at 2016-07-09 12:11:15 +0800


Started GET "/assets/common/common.self-b5a9d8bb01d41cb35ef64be8090026c9238437f63b487196bb042dc24ba48a87.js?body=1" for ::1 at 2016-07-09 12:11:15 +0800


Started GET "/assets/index.self-c91f334f92fd6a8bd198c0dfe37b546cd0a6cbbde401b3dd66dfb843b3ea6be6.js?body=1" for ::1 at 2016-07-09 12:11:15 +0800


Started GET "/assets/merchandise.self-8d57e53a90316fbad41cf92ad68abbf1e4be5c8a505750975d369c6996028005.js?body=1" for ::1 at 2016-07-09 12:11:15 +0800


Started GET "/assets/logo-d2ac2c7911fb76b0054edcb17b3d23eb9f2595188ae477bf529506e2b8a9f412.png" for ::1 at 2016-07-09 12:11:15 +0800


Started GET "/assets/application.self-16c207b3ca1b52afcfc7f4b662487caf1bbe084a6656bb15f693ab9de2d11be7.js?body=1" for ::1 at 2016-07-09 12:11:15 +0800


Started GET "/assets/slider/slider1-db0b54b0a2591279c96d04af4f02f622765b49c07ff758fd4c3f0e83f2f68a31.jpg" for ::1 at 2016-07-09 12:11:15 +0800


Started GET "/assets/banner2-fd04858fa7961fdda0791462300167d1855c6b02a7c6fd7af04a9555df20ad72.jpg" for ::1 at 2016-07-09 12:11:15 +0800


Started GET "/assets/product-70bc0edfea54c04e036ab67ee52de4e632d8fa51480e81bef8c5469f44f046ad.jpg" for ::1 at 2016-07-09 12:11:15 +0800


Started GET "/assets/banner1-f0bf139c366bfc4ef9b3e3fada20e0700afc02055a2f0de5900275952d005689.png" for ::1 at 2016-07-09 12:11:15 +0800


Started GET "/assets/slider/slider3-7be179967c9a452a8139961f4ccd49f60d8d665522bf21ac2e65e9de149c90e1.jpg" for ::1 at 2016-07-09 12:11:15 +0800


Started GET "/assets/slider/slider2-df5b61066c9cd51363f9d8528c38e1bfb47c1d10d9a1a015ba215c0ffc13d33a.jpg" for ::1 at 2016-07-09 12:11:15 +0800


Started GET "/assets/fontawesome-webfont-d3ebb498192527b985939ae62cc4e5eb5c108efc1896184126b45d866868e73d.woff2?v=4.6.1" for ::1 at 2016-07-09 12:11:15 +0800


Started GET "/merchandises" for ::1 at 2016-07-09 12:11:53 +0800
Processing by MerchandisesController#index as HTML
  [1m[36mCart Load (0.2ms)[0m  [1mSELECT  "carts".* FROM "carts" WHERE "carts"."id" = ? LIMIT 1[0m  [["id", 13]]
  [1m[35mMerchandise Load (6.9ms)[0m  SELECT "merchandises".* FROM "merchandises"
  Rendered merchandises/_merchandise.html.erb (70.5ms)
  Rendered merchandises/index.html.erb within layouts/application (74.9ms)
  Rendered layouts/_menu.html.erb (0.9ms)
  Rendered layouts/_header.html.erb (9.1ms)
  Rendered layouts/_menu.html.erb (0.4ms)
  Rendered layouts/_nav.html.erb (1.9ms)
  Rendered layouts/_categoryarea.html.erb (0.1ms)
  Rendered layouts/_messages.html.erb (0.1ms)
  Rendered layouts/_footer.html.erb (0.1ms)
  Rendered layouts/_gotopbtn.html.erb (0.1ms)
Completed 200 OK in 363ms (Views: 354.2ms | ActiveRecord: 7.1ms)


Started GET "/" for ::1 at 2016-07-09 12:12:01 +0800
Processing by WelcomeController#index as HTML
  [1m[36mCart Load (0.1ms)[0m  [1mSELECT  "carts".* FROM "carts" WHERE "carts"."id" = ? LIMIT 1[0m  [["id", 13]]
  Rendered welcome/index.html.erb within layouts/application (39.0ms)
  Rendered layouts/_menu.html.erb (1.1ms)
  Rendered layouts/_header.html.erb (5.0ms)
  Rendered layouts/_menu.html.erb (0.6ms)
  Rendered layouts/_nav.html.erb (2.8ms)
  Rendered layouts/_categoryarea.html.erb (0.1ms)
  Rendered layouts/_messages.html.erb (0.1ms)
  Rendered layouts/_footer.html.erb (0.1ms)
  Rendered layouts/_gotopbtn.html.erb (0.1ms)
Completed 200 OK in 131ms (Views: 129.7ms | ActiveRecord: 0.1ms)


Started GET "/" for ::1 at 2016-07-09 12:40:46 +0800
Processing by WelcomeController#index as HTML
  [1m[35mCart Load (0.9ms)[0m  SELECT  "carts".* FROM "carts" WHERE "carts"."id" = ? LIMIT 1  [["id", 13]]
  Rendered welcome/index.html.erb within layouts/application (102.6ms)
  Rendered layouts/_menu.html.erb (2.6ms)
  Rendered layouts/_header.html.erb (11.4ms)
  Rendered layouts/_menu.html.erb (1.7ms)
  Rendered layouts/_nav.html.erb (4.0ms)
  Rendered layouts/_categoryarea.html.erb (0.1ms)
  Rendered layouts/_messages.html.erb (0.2ms)
  Rendered layouts/_footer.html.erb (0.1ms)
  Rendered layouts/_gotopbtn.html.erb (0.1ms)
Completed 200 OK in 455ms (Views: 440.3ms | ActiveRecord: 0.9ms)


Started GET "/merchandises" for ::1 at 2016-07-09 12:40:50 +0800
Processing by MerchandisesController#index as HTML
  [1m[36mCart Load (0.2ms)[0m  [1mSELECT  "carts".* FROM "carts" WHERE "carts"."id" = ? LIMIT 1[0m  [["id", 13]]
  [1m[35mMerchandise Load (0.4ms)[0m  SELECT "merchandises".* FROM "merchandises"
  Rendered merchandises/_merchandise.html.erb (52.1ms)
  Rendered merchandises/index.html.erb within layouts/application (55.6ms)
  Rendered layouts/_menu.html.erb (1.2ms)
  Rendered layouts/_header.html.erb (6.0ms)
  Rendered layouts/_menu.html.erb (0.5ms)
  Rendered layouts/_nav.html.erb (1.4ms)
  Rendered layouts/_categoryarea.html.erb (0.0ms)
  Rendered layouts/_messages.html.erb (0.1ms)
  Rendered layouts/_footer.html.erb (0.0ms)
  Rendered layouts/_gotopbtn.html.erb (0.1ms)
Completed 200 OK in 189ms (Views: 187.3ms | ActiveRecord: 0.6ms)


Started GET "/users/sign_in" for ::1 at 2016-07-09 12:42:36 +0800
Processing by Devise::SessionsController#new as HTML
  [1m[36mCart Load (0.1ms)[0m  [1mSELECT  "carts".* FROM "carts" WHERE "carts"."id" = ? LIMIT 1[0m  [["id", 13]]
  Rendered devise/shared/_links.html.erb (8.7ms)
  Rendered devise/sessions/new.html.erb within layouts/application (20.5ms)
  Rendered layouts/_menu.html.erb (1.0ms)
  Rendered layouts/_header.html.erb (6.5ms)
  Rendered layouts/_menu.html.erb (0.4ms)
  Rendered layouts/_nav.html.erb (1.8ms)
  Rendered layouts/_categoryarea.html.erb (0.1ms)
  Rendered layouts/_messages.html.erb (0.2ms)
  Rendered layouts/_footer.html.erb (0.1ms)
  Rendered layouts/_gotopbtn.html.erb (0.1ms)
Completed 200 OK in 179ms (Views: 176.6ms | ActiveRecord: 0.1ms)


Started GET "/" for ::1 at 2016-07-09 14:41:53 +0800
Processing by WelcomeController#index as HTML
  [1m[35mCart Load (5.3ms)[0m  SELECT  "carts".* FROM "carts" WHERE "carts"."id" = ? LIMIT 1  [["id", 12]]
  Rendered welcome/index.html.erb within layouts/application (74.7ms)
  Rendered layouts/_menu.html.erb (3.2ms)
  Rendered layouts/_header.html.erb (13.4ms)
  Rendered layouts/_menu.html.erb (0.5ms)
  Rendered layouts/_nav.html.erb (2.9ms)
  Rendered layouts/_categoryarea.html.erb (0.1ms)
  Rendered layouts/_messages.html.erb (0.5ms)
  Rendered layouts/_footer.html.erb (0.1ms)
  Rendered layouts/_gotopbtn.html.erb (0.2ms)
Completed 200 OK in 418ms (Views: 396.7ms | ActiveRecord: 5.3ms)


Started GET "/assets/slider/slider1-db0b54b0a2591279c96d04af4f02f622765b49c07ff758fd4c3f0e83f2f68a31.jpg" for ::1 at 2016-07-09 14:41:54 +0800


Started GET "/assets/slider/slider2-df5b61066c9cd51363f9d8528c38e1bfb47c1d10d9a1a015ba215c0ffc13d33a.jpg" for ::1 at 2016-07-09 14:41:54 +0800


Started GET "/assets/banner1-f0bf139c366bfc4ef9b3e3fada20e0700afc02055a2f0de5900275952d005689.png" for ::1 at 2016-07-09 14:41:54 +0800


Started GET "/assets/slider/slider3-7be179967c9a452a8139961f4ccd49f60d8d665522bf21ac2e65e9de149c90e1.jpg" for ::1 at 2016-07-09 14:41:54 +0800


Started GET "/assets/banner2-fd04858fa7961fdda0791462300167d1855c6b02a7c6fd7af04a9555df20ad72.jpg" for ::1 at 2016-07-09 14:41:55 +0800


Started GET "/assets/product-70bc0edfea54c04e036ab67ee52de4e632d8fa51480e81bef8c5469f44f046ad.jpg" for ::1 at 2016-07-09 14:41:55 +0800


Started GET "/merchandises" for ::1 at 2016-07-09 14:42:46 +0800
Processing by MerchandisesController#index as HTML
  [1m[36mCart Load (2.8ms)[0m  [1mSELECT  "carts".* FROM "carts" WHERE "carts"."id" = ? LIMIT 1[0m  [["id", 12]]
  [1m[35mMerchandise Load (0.8ms)[0m  SELECT "merchandises".* FROM "merchandises"
  Rendered merchandises/_merchandise.html.erb (68.1ms)
  Rendered merchandises/index.html.erb within layouts/application (72.6ms)
  Rendered layouts/_menu.html.erb (1.5ms)
  Rendered layouts/_header.html.erb (11.3ms)
  Rendered layouts/_menu.html.erb (0.5ms)
  Rendered layouts/_nav.html.erb (2.1ms)
  Rendered layouts/_categoryarea.html.erb (0.1ms)
  Rendered layouts/_messages.html.erb (0.1ms)
  Rendered layouts/_footer.html.erb (0.1ms)
  Rendered layouts/_gotopbtn.html.erb (0.1ms)
Completed 200 OK in 321ms (Views: 314.5ms | ActiveRecord: 3.6ms)


Started GET "/merchandises/5" for ::1 at 2016-07-09 15:02:36 +0800
Processing by MerchandisesController#show as HTML
  Parameters: {"id"=>"5"}
  [1m[36mCart Load (2.9ms)[0m  [1mSELECT  "carts".* FROM "carts" WHERE "carts"."id" = ? LIMIT 1[0m  [["id", 12]]
  [1m[35mMerchandise Load (0.5ms)[0m  SELECT  "merchandises".* FROM "merchandises" WHERE "merchandises"."id" = ? LIMIT 1  [["id", 5]]
  [1m[36mLocation Load (2.6ms)[0m  [1mSELECT  "locations".* FROM "locations" WHERE "locations"."id" = ? LIMIT 1[0m  [["id", 2]]
  [1m[35mCity Load (2.4ms)[0m  SELECT  "cities".* FROM "cities" WHERE "cities"."id" = ? LIMIT 1  [["id", 78]]
  Rendered merchandises/show.html.erb within layouts/application (269.2ms)
Completed 500 Internal Server Error in 320ms (ActiveRecord: 9.7ms)

ActionView::Template::Error (undefined method `name' for nil:NilClass):
    15:   <br />
    16:   <p>Price: <%= @merchandise.price %></p>
    17:   <% if @merchandise.location %>
    18:   <p>Location: <%= @merchandise.location.city.name %></p>
    19:   <% end %>
    20:   <% if @merchandise.category %>
    21:     <p>Category: <%= render @merchandise.category %></p>
  app/views/merchandises/show.html.erb:18:in `_app_views_merchandises_show_html_erb___1877220690125774510_70361839595740'


  Rendered /usr/local/lib/ruby/gems/2.2.0/gems/actionpack-4.2.5/lib/action_dispatch/middleware/templates/rescues/_source.erb (18.6ms)
  Rendered /usr/local/lib/ruby/gems/2.2.0/gems/actionpack-4.2.5/lib/action_dispatch/middleware/templates/rescues/_trace.html.erb (4.9ms)
  Rendered /usr/local/lib/ruby/gems/2.2.0/gems/actionpack-4.2.5/lib/action_dispatch/middleware/templates/rescues/_request_and_response.html.erb (5.4ms)
  Rendered /usr/local/lib/ruby/gems/2.2.0/gems/actionpack-4.2.5/lib/action_dispatch/middleware/templates/rescues/template_error.html.erb within rescues/layout (101.5ms)
  Rendered /usr/local/lib/ruby/gems/2.2.0/gems/web-console-2.3.0/lib/web_console/templates/_markup.html.erb (1.2ms)
  Rendered /usr/local/lib/ruby/gems/2.2.0/gems/web-console-2.3.0/lib/web_console/templates/_inner_console_markup.html.erb within layouts/inlined_string (1.2ms)
  Rendered /usr/local/lib/ruby/gems/2.2.0/gems/web-console-2.3.0/lib/web_console/templates/_prompt_box_markup.html.erb within layouts/inlined_string (0.6ms)
  Rendered /usr/local/lib/ruby/gems/2.2.0/gems/web-console-2.3.0/lib/web_console/templates/style.css.erb within layouts/inlined_string (0.4ms)
  Rendered /usr/local/lib/ruby/gems/2.2.0/gems/web-console-2.3.0/lib/web_console/templates/console.js.erb within layouts/javascript (67.2ms)
  Rendered /usr/local/lib/ruby/gems/2.2.0/gems/web-console-2.3.0/lib/web_console/templates/main.js.erb within layouts/javascript (0.5ms)
  Rendered /usr/local/lib/ruby/gems/2.2.0/gems/web-console-2.3.0/lib/web_console/templates/error_page.js.erb within layouts/javascript (0.7ms)
  Rendered /usr/local/lib/ruby/gems/2.2.0/gems/web-console-2.3.0/lib/web_console/templates/index.html.erb (157.6ms)


Started GET "/merchandises/5" for ::1 at 2016-07-09 15:02:37 +0800
Processing by MerchandisesController#show as HTML
  Parameters: {"id"=>"5"}
  [1m[36mCart Load (0.2ms)[0m  [1mSELECT  "carts".* FROM "carts" WHERE "carts"."id" = ? LIMIT 1[0m  [["id", 12]]
  [1m[35mMerchandise Load (0.1ms)[0m  SELECT  "merchandises".* FROM "merchandises" WHERE "merchandises"."id" = ? LIMIT 1  [["id", 5]]
  [1m[36mLocation Load (0.1ms)[0m  [1mSELECT  "locations".* FROM "locations" WHERE "locations"."id" = ? LIMIT 1[0m  [["id", 2]]
  [1m[35mCity Load (0.2ms)[0m  SELECT  "cities".* FROM "cities" WHERE "cities"."id" = ? LIMIT 1  [["id", 78]]
  Rendered merchandises/show.html.erb within layouts/application (6.7ms)
Completed 500 Internal Server Error in 13ms (ActiveRecord: 0.5ms)

ActionView::Template::Error (undefined method `name' for nil:NilClass):
    15:   <br />
    16:   <p>Price: <%= @merchandise.price %></p>
    17:   <% if @merchandise.location %>
    18:   <p>Location: <%= @merchandise.location.city.name %></p>
    19:   <% end %>
    20:   <% if @merchandise.category %>
    21:     <p>Category: <%= render @merchandise.category %></p>
  app/views/merchandises/show.html.erb:18:in `_app_views_merchandises_show_html_erb___1877220690125774510_70361839595740'


  Rendered /usr/local/lib/ruby/gems/2.2.0/gems/actionpack-4.2.5/lib/action_dispatch/middleware/templates/rescues/_source.erb (6.6ms)
  Rendered /usr/local/lib/ruby/gems/2.2.0/gems/actionpack-4.2.5/lib/action_dispatch/middleware/templates/rescues/_trace.html.erb (2.7ms)
  Rendered /usr/local/lib/ruby/gems/2.2.0/gems/actionpack-4.2.5/lib/action_dispatch/middleware/templates/rescues/_request_and_response.html.erb (1.0ms)
  Rendered /usr/local/lib/ruby/gems/2.2.0/gems/actionpack-4.2.5/lib/action_dispatch/middleware/templates/rescues/template_error.html.erb within rescues/layout (54.2ms)
  Rendered /usr/local/lib/ruby/gems/2.2.0/gems/web-console-2.3.0/lib/web_console/templates/_markup.html.erb (0.6ms)
  Rendered /usr/local/lib/ruby/gems/2.2.0/gems/web-console-2.3.0/lib/web_console/templates/_inner_console_markup.html.erb within layouts/inlined_string (0.5ms)
  Rendered /usr/local/lib/ruby/gems/2.2.0/gems/web-console-2.3.0/lib/web_console/templates/_prompt_box_markup.html.erb within layouts/inlined_string (0.4ms)
  Rendered /usr/local/lib/ruby/gems/2.2.0/gems/web-console-2.3.0/lib/web_console/templates/style.css.erb within layouts/inlined_string (0.4ms)
  Rendered /usr/local/lib/ruby/gems/2.2.0/gems/web-console-2.3.0/lib/web_console/templates/console.js.erb within layouts/javascript (48.2ms)
  Rendered /usr/local/lib/ruby/gems/2.2.0/gems/web-console-2.3.0/lib/web_console/templates/main.js.erb within layouts/javascript (0.4ms)
  Rendered /usr/local/lib/ruby/gems/2.2.0/gems/web-console-2.3.0/lib/web_console/templates/error_page.js.erb within layouts/javascript (0.5ms)
  Rendered /usr/local/lib/ruby/gems/2.2.0/gems/web-console-2.3.0/lib/web_console/templates/index.html.erb (113.9ms)


Started GET "/" for ::1 at 2016-07-09 15:11:21 +0800
Processing by WelcomeController#index as HTML
  [1m[36mCart Load (3.0ms)[0m  [1mSELECT  "carts".* FROM "carts" WHERE "carts"."id" = ? LIMIT 1[0m  [["id", 12]]
  Rendered welcome/index.html.erb within layouts/application (92.8ms)
  Rendered layouts/_menu.html.erb (1.6ms)
  Rendered layouts/_header.html.erb (13.9ms)
  Rendered layouts/_menu.html.erb (0.5ms)
  Rendered layouts/_nav.html.erb (1.6ms)
  Rendered layouts/_categoryarea.html.erb (0.1ms)
  Rendered layouts/_messages.html.erb (0.1ms)
  Rendered layouts/_footer.html.erb (0.1ms)
  Rendered layouts/_gotopbtn.html.erb (0.1ms)
Completed 200 OK in 654ms (Views: 636.6ms | ActiveRecord: 3.0ms)


Started GET "/merchandises" for ::1 at 2016-07-09 15:11:33 +0800
Processing by MerchandisesController#index as HTML
  [1m[35mCart Load (2.1ms)[0m  SELECT  "carts".* FROM "carts" WHERE "carts"."id" = ? LIMIT 1  [["id", 12]]
  [1m[36mMerchandise Load (3.5ms)[0m  [1mSELECT "merchandises".* FROM "merchandises"[0m
  Rendered merchandises/_merchandise.html.erb (72.4ms)
  Rendered merchandises/index.html.erb within layouts/application (77.0ms)
  Rendered layouts/_menu.html.erb (0.8ms)
  Rendered layouts/_header.html.erb (8.6ms)
  Rendered layouts/_menu.html.erb (0.5ms)
  Rendered layouts/_nav.html.erb (4.1ms)
  Rendered layouts/_categoryarea.html.erb (0.2ms)
  Rendered layouts/_messages.html.erb (0.1ms)
  Rendered layouts/_footer.html.erb (0.1ms)
  Rendered layouts/_gotopbtn.html.erb (0.2ms)
Completed 200 OK in 337ms (Views: 329.1ms | ActiveRecord: 5.6ms)
